Usage: java -jar $PILON_HOME/pilon.jar other-options...
[bwa_index] Pack FASTA... 0.08 sec
[bwa_index] Construct BWT for the packed sequence...
[bwa_index] 4.19 seconds elapse.
[bwa_index] Update BWT... 0.06 sec
[bwa_index] Pack forward-only FASTA... 0.05 sec
[bwa_index] Construct SA from BWT and Occ... 1.38 sec
[main] Version: 0.7.18-r1243-dirty
[main] CMD: bwa index assembly_R7.fasta
[main] Real time: 6.186 sec; CPU: 5.773 sec
[M::bwa_idx_load_from_disk] read 0 ALT contigs
[M::process] read 137296 sequences (40000064 bp)...
[M::process] read 137114 sequences (40000268 bp)...
[M::mem_pestat] # candidate unique pairs for (FF, FR, RF, RR): (1, 67454, 0, 0)
[M::mem_pestat] skip orientation FF as there are not enough pairs
[M::mem_pestat] analyzing insert size distribution for orientation FR...
[M::mem_pestat] (25, 50, 75) percentile: (350, 401, 463)
[M::mem_pestat] low and high boundaries for computing mean and std.dev: (124, 689)
[M::mem_pestat] mean and std.dev: (408.08, 87.09)
[M::mem_pestat] low and high boundaries for proper pairs: (11, 802)
[M::mem_pestat] skip orientation RF as there are not enough pairs
[M::mem_pestat] skip orientation RR as there are not enough pairs
[M::mem_process_seqs] Processed 137296 reads in 28.501 CPU sec, 7.600 real sec
[M::process] read 137232 sequences (40000030 bp)...
[M::mem_pestat] # candidate unique pairs for (FF, FR, RF, RR): (1, 67233, 0, 0)
[M::mem_pestat] skip orientation FF as there are not enough pairs
[M::mem_pestat] analyzing insert size distribution for orientation FR...
[M::mem_pestat] (25, 50, 75) percentile: (352, 404, 465)
[M::mem_pestat] low and high boundaries for computing mean and std.dev: (126, 691)
[M::mem_pestat] mean and std.dev: (410.35, 86.76)
[M::mem_pestat] low and high boundaries for proper pairs: (13, 804)
[M::mem_pestat] skip orientation RF as there are not enough pairs
[M::mem_pestat] skip orientation RR as there are not enough pairs
[M::mem_process_seqs] Processed 137114 reads in 30.501 CPU sec, 7.704 real sec
[M::process] read 137262 sequences (40000529 bp)...
[M::mem_pestat] # candidate unique pairs for (FF, FR, RF, RR): (1, 67265, 0, 0)
[M::mem_pestat] skip orientation FF as there are not enough pairs
[M::mem_pestat] analyzing insert size distribution for orientation FR...
[M::mem_pestat] (25, 50, 75) percentile: (351, 403, 464)
[M::mem_pestat] low and high boundaries for computing mean and std.dev: (125, 690)
[M::mem_pestat] mean and std.dev: (409.22, 87.82)
[M::mem_pestat] low and high boundaries for proper pairs: (12, 803)
[M::mem_pestat] skip orientation RF as there are not enough pairs
[M::mem_pestat] skip orientation RR as there are not enough pairs
[M::mem_process_seqs] Processed 137232 reads in 30.732 CPU sec, 7.860 real sec
[M::process] read 137180 sequences (40000194 bp)...
[M::mem_pestat] # candidate unique pairs for (FF, FR, RF, RR): (1, 67266, 0, 0)
[M::mem_pestat] skip orientation FF as there are not enough pairs
[M::mem_pestat] analyzing insert size distribution for orientation FR...
[M::mem_pestat] (25, 50, 75) percentile: (351, 403, 464)
[M::mem_pestat] low and high boundaries for computing mean and std.dev: (125, 690)
[M::mem_pestat] mean and std.dev: (409.66, 86.64)
[M::mem_pestat] low and high boundaries for proper pairs: (12, 803)
[M::mem_pestat] skip orientation RF as there are not enough pairs
[M::mem_pestat] skip orientation RR as there are not enough pairs
[M::mem_process_seqs] Processed 137262 reads in 30.635 CPU sec, 8.680 real sec
[M::process] read 137232 sequences (40000386 bp)...
[M::mem_pestat] # candidate unique pairs for (FF, FR, RF, RR): (0, 67194, 0, 0)
[M::mem_pestat] skip orientation FF as there are not enough pairs
[M::mem_pestat] analyzing insert size distribution for orientation FR...
[M::mem_pestat] (25, 50, 75) percentile: (351, 403, 464)
[M::mem_pestat] low and high boundaries for computing mean and std.dev: (125, 690)
[M::mem_pestat] mean and std.dev: (409.95, 86.61)
[M::mem_pestat] low and high boundaries for proper pairs: (12, 803)
[M::mem_pestat] skip orientation RF as there are not enough pairs
[M::mem_pestat] skip orientation RR as there are not enough pairs
[M::mem_process_seqs] Processed 137180 reads in 30.245 CPU sec, 7.675 real sec
[M::process] read 137202 sequences (40000265 bp)...
[M::mem_pestat] # candidate unique pairs for (FF, FR, RF, RR): (2, 67233, 0, 0)
[M::mem_pestat] skip orientation FF as there are not enough pairs
[M::mem_pestat] analyzing insert size distribution for orientation FR...
[M::mem_pestat] (25, 50, 75) percentile: (352, 403, 464)
[M::mem_pestat] low and high boundaries for computing mean and std.dev: (128, 688)
[M::mem_pestat] mean and std.dev: (409.53, 86.61)
[M::mem_pestat] low and high boundaries for proper pairs: (16, 800)
[M::mem_pestat] skip orientation RF as there are not enough pairs
[M::mem_pestat] skip orientation RR as there are not enough pairs
[M::mem_process_seqs] Processed 137232 reads in 30.778 CPU sec, 7.770 real sec
[M::process] read 137316 sequences (40000298 bp)...
[M::mem_pestat] # candidate unique pairs for (FF, FR, RF, RR): (0, 67257, 0, 0)
[M::mem_pestat] skip orientation FF as there are not enough pairs
[M::mem_pestat] analyzing insert size distribution for orientation FR...
[M::mem_pestat] (25, 50, 75) percentile: (351, 403, 464)
[M::mem_pestat] low and high boundaries for computing mean and std.dev: (125, 690)
[M::mem_pestat] mean and std.dev: (409.61, 87.22)
[M::mem_pestat] low and high boundaries for proper pairs: (12, 803)
[M::mem_pestat] skip orientation RF as there are not enough pairs
[M::mem_pestat] skip orientation RR as there are not enough pairs
[M::mem_process_seqs] Processed 137202 reads in 30.550 CPU sec, 7.714 real sec
[M::process] read 137156 sequences (40000380 bp)...
[M::mem_pestat] # candidate unique pairs for (FF, FR, RF, RR): (1, 67401, 0, 0)
[M::mem_pestat] skip orientation FF as there are not enough pairs
[M::mem_pestat] analyzing insert size distribution for orientation FR...
[M::mem_pestat] (25, 50, 75) percentile: (351, 402, 463)
[M::mem_pestat] low and high boundaries for computing mean and std.dev: (127, 687)
[M::mem_pestat] mean and std.dev: (408.49, 86.70)
[M::mem_pestat] low and high boundaries for proper pairs: (15, 799)
[M::mem_pestat] skip orientation RF as there are not enough pairs
[M::mem_pestat] skip orientation RR as there are not enough pairs
[M::mem_process_seqs] Processed 137316 reads in 31.744 CPU sec, 8.000 real sec
[M::process] read 136942 sequences (40000059 bp)...
[M::mem_pestat] # candidate unique pairs for (FF, FR, RF, RR): (1, 67281, 0, 0)
[M::mem_pestat] skip orientation FF as there are not enough pairs
[M::mem_pestat] analyzing insert size distribution for orientation FR...
[M::mem_pestat] (25, 50, 75) percentile: (351, 403, 464)
[M::mem_pestat] low and high boundaries for computing mean and std.dev: (125, 690)
[M::mem_pestat] mean and std.dev: (409.62, 87.38)
[M::mem_pestat] low and high boundaries for proper pairs: (12, 803)
[M::mem_pestat] skip orientation RF as there are not enough pairs
[M::mem_pestat] skip orientation RR as there are not enough pairs
[M::mem_process_seqs] Processed 137156 reads in 30.207 CPU sec, 8.138 real sec
[M::process] read 137218 sequences (40000287 bp)...
[M::mem_pestat] # candidate unique pairs for (FF, FR, RF, RR): (2, 67261, 0, 0)
[M::mem_pestat] skip orientation FF as there are not enough pairs
[M::mem_pestat] analyzing insert size distribution for orientation FR...
[M::mem_pestat] (25, 50, 75) percentile: (350, 402, 463)
[M::mem_pestat] low and high boundaries for computing mean and std.dev: (124, 689)
[M::mem_pestat] mean and std.dev: (407.85, 87.64)
[M::mem_pestat] low and high boundaries for proper pairs: (11, 802)
[M::mem_pestat] skip orientation RF as there are not enough pairs
[M::mem_pestat] skip orientation RR as there are not enough pairs
[M::mem_process_seqs] Processed 136942 reads in 28.529 CPU sec, 7.188 real sec
[M::process] read 136888 sequences (40000337 bp)...
[M::mem_pestat] # candidate unique pairs for (FF, FR, RF, RR): (2, 67376, 0, 0)
[M::mem_pestat] skip orientation FF as there are not enough pairs
[M::mem_pestat] analyzing insert size distribution for orientation FR...
[M::mem_pestat] (25, 50, 75) percentile: (351, 402, 463)
[M::mem_pestat] low and high boundaries for computing mean and std.dev: (127, 687)
[M::mem_pestat] mean and std.dev: (408.59, 87.17)
[M::mem_pestat] low and high boundaries for proper pairs: (15, 799)
[M::mem_pestat] skip orientation RF as there are not enough pairs
[M::mem_pestat] skip orientation RR as there are not enough pairs
[M::mem_process_seqs] Processed 137218 reads in 28.646 CPU sec, 7.232 real sec
[M::process] read 137176 sequences (40000407 bp)...
[M::mem_pestat] # candidate unique pairs for (FF, FR, RF, RR): (2, 67328, 0, 0)
[M::mem_pestat] skip orientation FF as there are not enough pairs
[M::mem_pestat] analyzing insert size distribution for orientation FR...
[M::mem_pestat] (25, 50, 75) percentile: (348, 400, 462)
[M::mem_pestat] low and high boundaries for computing mean and std.dev: (120, 690)
[M::mem_pestat] mean and std.dev: (406.17, 87.66)
[M::mem_pestat] low and high boundaries for proper pairs: (6, 804)
[M::mem_pestat] skip orientation RF as there are not enough pairs
[M::mem_pestat] skip orientation RR as there are not enough pairs
[M::mem_process_seqs] Processed 136888 reads in 27.021 CPU sec, 6.869 real sec
[M::process] read 137220 sequences (40000541 bp)...
[M::mem_pestat] # candidate unique pairs for (FF, FR, RF, RR): (1, 67417, 0, 0)
[M::mem_pestat] skip orientation FF as there are not enough pairs
[M::mem_pestat] analyzing insert size distribution for orientation FR...
[M::mem_pestat] (25, 50, 75) percentile: (347, 400, 461)
[M::mem_pestat] low and high boundaries for computing mean and std.dev: (119, 689)
[M::mem_pestat] mean and std.dev: (405.79, 88.21)
[M::mem_pestat] low and high boundaries for proper pairs: (5, 803)
[M::mem_pestat] skip orientation RF as there are not enough pairs
[M::mem_pestat] skip orientation RR as there are not enough pairs
[M::mem_process_seqs] Processed 137176 reads in 27.530 CPU sec, 6.932 real sec
[M::process] read 137178 sequences (40000540 bp)...
[M::mem_pestat] # candidate unique pairs for (FF, FR, RF, RR): (0, 67454, 0, 0)
[M::mem_pestat] skip orientation FF as there are not enough pairs
[M::mem_pestat] analyzing insert size distribution for orientation FR...
[M::mem_pestat] (25, 50, 75) percentile: (349, 401, 461)
[M::mem_pestat] low and high boundaries for computing mean and std.dev: (125, 685)
[M::mem_pestat] mean and std.dev: (406.55, 87.46)
[M::mem_pestat] low and high boundaries for proper pairs: (13, 797)
[M::mem_pestat] skip orientation RF as there are not enough pairs
[M::mem_pestat] skip orientation RR as there are not enough pairs
[M::mem_process_seqs] Processed 137220 reads in 28.194 CPU sec, 7.187 real sec
[M::process] read 137148 sequences (40000438 bp)...
[M::mem_pestat] # candidate unique pairs for (FF, FR, RF, RR): (0, 67363, 0, 0)
[M::mem_pestat] skip orientation FF as there are not enough pairs
[M::mem_pestat] analyzing insert size distribution for orientation FR...
[M::mem_pestat] (25, 50, 75) percentile: (348, 400, 461)
[M::mem_pestat] low and high boundaries for computing mean and std.dev: (122, 687)
[M::mem_pestat] mean and std.dev: (406.52, 87.45)
[M::mem_pestat] low and high boundaries for proper pairs: (9, 800)
[M::mem_pestat] skip orientation RF as there are not enough pairs
[M::mem_pestat] skip orientation RR as there are not enough pairs
[M::mem_process_seqs] Processed 137178 reads in 27.774 CPU sec, 7.122 real sec
[M::process] read 137234 sequences (40000125 bp)...
[M::mem_pestat] # candidate unique pairs for (FF, FR, RF, RR): (0, 67386, 0, 0)
[M::mem_pestat] skip orientation FF as there are not enough pairs
[M::mem_pestat] analyzing insert size distribution for orientation FR...
[M::mem_pestat] (25, 50, 75) percentile: (348, 400, 461)
[M::mem_pestat] low and high boundaries for computing mean and std.dev: (122, 687)
[M::mem_pestat] mean and std.dev: (406.23, 87.36)
[M::mem_pestat] low and high boundaries for proper pairs: (9, 800)
[M::mem_pestat] skip orientation RF as there are not enough pairs
[M::mem_pestat] skip orientation RR as there are not enough pairs
[M::mem_process_seqs] Processed 137148 reads in 27.950 CPU sec, 7.041 real sec
[M::process] read 137172 sequences (40000300 bp)...
[M::mem_pestat] # candidate unique pairs for (FF, FR, RF, RR): (1, 67342, 0, 0)
[M::mem_pestat] skip orientation FF as there are not enough pairs
[M::mem_pestat] analyzing insert size distribution for orientation FR...
[M::mem_pestat] (25, 50, 75) percentile: (349, 400, 462)
[M::mem_pestat] low and high boundaries for computing mean and std.dev: (123, 688)
[M::mem_pestat] mean and std.dev: (407.18, 87.81)
[M::mem_pestat] low and high boundaries for proper pairs: (10, 801)
[M::mem_pestat] skip orientation RF as there are not enough pairs
[M::mem_pestat] skip orientation RR as there are not enough pairs
[M::mem_process_seqs] Processed 137234 reads in 28.861 CPU sec, 7.329 real sec
[M::process] read 136940 sequences (40000445 bp)...
[M::mem_pestat] # candidate unique pairs for (FF, FR, RF, RR): (1, 67395, 0, 0)
[M::mem_pestat] skip orientation FF as there are not enough pairs
[M::mem_pestat] analyzing insert size distribution for orientation FR...
[M::mem_pestat] (25, 50, 75) percentile: (349, 400, 461)
[M::mem_pestat] low and high boundaries for computing mean and std.dev: (125, 685)
[M::mem_pestat] mean and std.dev: (406.40, 87.20)
[M::mem_pestat] low and high boundaries for proper pairs: (13, 797)
[M::mem_pestat] skip orientation RF as there are not enough pairs
[M::mem_pestat] skip orientation RR as there are not enough pairs
[M::mem_process_seqs] Processed 137172 reads in 28.535 CPU sec, 7.198 real sec
[M::process] read 136992 sequences (40000025 bp)...
[M::mem_pestat] # candidate unique pairs for (FF, FR, RF, RR): (0, 67296, 0, 0)
[M::mem_pestat] skip orientation FF as there are not enough pairs
[M::mem_pestat] analyzing insert size distribution for orientation FR...
[M::mem_pestat] (25, 50, 75) percentile: (348, 401, 461)
[M::mem_pestat] low and high boundaries for computing mean and std.dev: (122, 687)
[M::mem_pestat] mean and std.dev: (406.65, 87.52)
[M::mem_pestat] low and high boundaries for proper pairs: (9, 800)
[M::mem_pestat] skip orientation RF as there are not enough pairs
[M::mem_pestat] skip orientation RR as there are not enough pairs
[M::mem_process_seqs] Processed 136940 reads in 26.878 CPU sec, 6.838 real sec
[M::process] read 5006 sequences (1466217 bp)...
[M::mem_pestat] # candidate unique pairs for (FF, FR, RF, RR): (1, 67024, 0, 0)
[M::mem_pestat] skip orientation FF as there are not enough pairs
[M::mem_pestat] analyzing insert size distribution for orientation FR...
[M::mem_pestat] (25, 50, 75) percentile: (351, 403, 465)
[M::mem_pestat] low and high boundaries for computing mean and std.dev: (123, 693)
[M::mem_pestat] mean and std.dev: (409.98, 87.37)
[M::mem_pestat] low and high boundaries for proper pairs: (9, 807)
[M::mem_pestat] skip orientation RF as there are not enough pairs
[M::mem_pestat] skip orientation RR as there are not enough pairs
[M::mem_process_seqs] Processed 136992 reads in 29.208 CPU sec, 7.371 real sec
[M::mem_pestat] # candidate unique pairs for (FF, FR, RF, RR): (0, 2449, 0, 0)
[M::mem_pestat] skip orientation FF as there are not enough pairs
[M::mem_pestat] analyzing insert size distribution for orientation FR...
[M::mem_pestat] (25, 50, 75) percentile: (356, 406, 466)
[M::mem_pestat] low and high boundaries for computing mean and std.dev: (136, 686)
[M::mem_pestat] mean and std.dev: (413.44, 84.24)
[M::mem_pestat] low and high boundaries for proper pairs: (26, 796)
[M::mem_pestat] skip orientation RF as there are not enough pairs
[M::mem_pestat] skip orientation RR as there are not enough pairs
[M::mem_process_seqs] Processed 5006 reads in 1.466 CPU sec, 0.380 real sec
[main] Version: 0.7.18-r1243-dirty
[main] CMD: bwa mem -v 3 -t 4 assembly_R7.fasta SRR24413071_1_trimmed.fastq.gz SRR24413071_2_trimmed.fastq.gz
[main] Real time: 151.675 sec; CPU: 585.240 sec
[M::bwa_idx_load_from_disk] read 0 ALT contigs
[M::process] read 56315 sequences (15321893 bp)...
[M::mem_process_seqs] Processed 56315 reads in 8.257 CPU sec, 2.071 real sec
[main] Version: 0.7.18-r1243-dirty
[main] CMD: bwa mem -v 3 -t 4 assembly_R7.fasta SRR24413071_1_unpaired.trimmed.fastq.gz
[main] Real time: 2.569 sec; CPU: 8.609 sec
[M::bwa_idx_load_from_disk] read 0 ALT contigs
[M::process] read 166 sequences (41889 bp)...
[M::mem_process_seqs] Processed 166 reads in 0.028 CPU sec, 0.010 real sec
[main] Version: 0.7.18-r1243-dirty
[main] CMD: bwa mem -v 3 -t 4 assembly_R7.fasta SRR24413071_2_unpaired.trimmed.fastq.gz
[main] Real time: 0.059 sec; CPU: 0.044 sec
[bam_sort_core] merging from 1 files and 2 in-memory blocks...
[bam_sort_core] merging from 0 files and 2 in-memory blocks...
Pilon version 1.24 Thu Jan 28 13:00:45 2021 -0500
--threads argument no longer supported; ignoring!
Genome: assembly_R7.fasta
Fixing snps, indels, gaps, local
Input genome size: 9647673
Scanning BAMs
unpaired_R7.sorted.bam: 56568 reads, 0 filtered, 56371 mapped, 0 proper, 0 stray, Unpaired 100% 272+/-24, max 344
paired_R7.sorted.bam: 2749100 reads, 0 filtered, 2744497 mapped, 2736895 proper, 2900 stray, FR 100% 410+/-90, max 680
Processing contig_2:1-9355271
unpaired unpaired_R7.sorted.bam: coverage 1
frags paired_R7.sorted.bam: coverage 75
Total Reads: 2665967, Coverage: 76, minDepth: 8
Confirmed 9347485 of 9355271 bases (99.92%)
Corrected 57 snps; 0 ambiguous bases; corrected 5765 small insertions totaling 5975 bases, 10 small deletions totaling 10 bases
# Attempting to fix local continuity breaks
# fix break: contig_2:1076-1236 0 -0 +0 NoSolution
# fix break: contig_2:1884-1966 0 -0 +0 NoSolution
# fix break: contig_2:2764-2851 0 -0 +0 NoSolution
# fix break: contig_2:4431-4531 0 -0 +0 NoSolution
# fix break: contig_2:310895-311038 0 -0 +0 NoSolution
# fix break: contig_2:727472-727627 0 -0 +0 NoSolution
# fix break: contig_2:870683-870713 0 -0 +0 NoSolution
fix break: contig_2:1032859-1032865 1032766 -88 +92 BreakFix
fix break: contig_2:1282720-1282774 1282720 -10 +12 BreakFix
fix break: contig_2:1420027-1420171 1419831 -252 +255 BreakFix
# fix break: contig_2:1481222-1481414 0 -0 +0 NoSolution TandemRepeat 8
# fix break: contig_2:1722137-1722268 0 -0 +0 NoSolution TandemRepeat 1
# fix break: contig_2:2012412-2012419 0 -0 +0 NoSolution
fix break: contig_2:2025928-2025937 2025809 -114 +118 BreakFix
fix break: contig_2:2097238-2097455 2097301 -380 +383 BreakFix
fix break: contig_2:2206347-2206452 2206156 -284 +286 BreakFix
fix break: contig_2:2214229-2214566 2214366 -135 +137 BreakFix
# fix break: contig_2:2282348-2282440 0 -0 +0 NoSolution TandemRepeat 1
# fix break: contig_2:2391016-2391512 0 -0 +0 NoSolution TandemRepeat 90
fix break: contig_2:2391905-2392628 2391565 -860 +866 BreakFix
fix break: contig_2:2477608-2477822 2477393 -16 +18 BreakFix
# fix break: contig_2:2479149-2479310 0 -0 +0 NoSolution TandemRepeat 5
fix break: contig_2:2506571-2506784 2506569 -71 +74 BreakFix
# fix break: contig_2:2541592-2541669 0 -0 +0 NoSolution TandemRepeat 8
# fix break: contig_2:2613868-2613999 0 -0 +0 NoSolution
# fix break: contig_2:2614985-2615530 0 -0 +0 NoSolution
fix break: contig_2:2714930-2715126 2714930 -453 +456 BreakFix
fix break: contig_2:2738310-2738617 2738496 -29 +33 BreakFix
fix break: contig_2:2768651-2768807 2768651 -107 +109 BreakFix
fix break: contig_2:3072730-3072927 3072709 -172 +175 BreakFix
fix break: contig_2:3087463-3088399 3087582 -599 +605 BreakFix
fix break: contig_2:3145537-3145580 3145424 -358 +361 BreakFix
fix break: contig_2:3235411-3235526 3235200 -251 +254 BreakFix
fix break: contig_2:3577565-3577698 3577550 -459 +461 BreakFix
# fix break: contig_2:3620678-3620834 0 -0 +0 NoSolution
fix break: contig_2:3683748-3683799 3683663 -34 +36 BreakFix
# fix break: contig_2:3731436-3732358 0 -0 +0 NoSolution TandemRepeat 60
# fix break: contig_2:3772672-3772859 0 -0 +0 NoSolution
# fix break: contig_2:3832211-3832341 0 -0 +0 NoSolution
fix break: contig_2:3832576-3832855 3832218 -724 +736 BreakFix
fix break: contig_2:3942902-3943051 3942657 -395 +397 BreakFix
fix break: contig_2:4068341-4068721 4068002 -706 +712 BreakFix
fix break: contig_2:4114282-4114368 4114308 -348 +350 BreakFix
fix break: contig_2:4141987-4142147 4142020 -188 +190 BreakFix
fix break: contig_2:4193499-4193681 4193499 -370 +373 BreakFix
fix break: contig_2:4193985-4194119 4193874 -395 +399 BreakFix
# fix break: contig_2:4258627-4259156 0 -0 +0 NoSolution
# fix break: contig_2:4295324-4295717 0 -0 +0 NoSolution TandemRepeat 144
# fix break: contig_2:4302135-4302448 0 -0 +0 NoSolution TandemRepeat 1
fix break: contig_2:4314384-4314535 4314276 -474 +477 BreakFix
fix break: contig_2:4316737-4317059 4316559 -501 +504 BreakFix
fix break: contig_2:4344163-4344255 4344165 -22 +25 BreakFix
fix break: contig_2:4364483-4364688 4364533 -265 +267 BreakFix
fix break: contig_2:4382992-4383329 4382939 -406 +411 BreakFix
# fix break: contig_2:4416803-4416926 0 -0 +0 NoSolution TandemRepeat 123
# fix break: contig_2:4458422-4458672 0 -0 +0 NoSolution
fix break: contig_2:4491743-4491910 4491876 -128 +131 BreakFix
fix break: contig_2:4518756-4518837 4518756 -21 +24 BreakFix
fix break: contig_2:4680045-4680231 4680053 -39 +41 BreakFix
# fix break: contig_2:4752689-4752854 0 -0 +0 NoSolution
# fix break: contig_2:4753679-4753780 0 -0 +0 NoSolution
fix break: contig_2:5025912-5026031 5026012 -118 +120 BreakFix
fix break: contig_2:5241118-5241126 5240944 -466 +470 BreakFix
fix break: contig_2:5248101-5248207 5247912 -185 +187 BreakFix
fix break: contig_2:5279557-5279783 5279250 -534 +537 BreakFix
fix break: contig_2:5353533-5353602 5353537 -227 +230 BreakFix
fix break: contig_2:5385752-5385766 5385525 -223 +225 BreakFix
fix break: contig_2:5445418-5445530 5445127 -67 +69 BreakFix
fix break: contig_2:5501372-5501528 5501218 -300 +302 BreakFix
# fix break: contig_2:5518335-5518619 0 -0 +0 NoSolution
fix break: contig_2:5518925-5519437 5518994 -434 +437 BreakFix
fix break: contig_2:5521393-5521531 5521041 -467 +470 BreakFix
# fix break: contig_2:5576516-5576526 0 -0 +0 NoSolution
# fix break: contig_2:5675632-5675725 0 -0 +0 NoSolution TandemRepeat 30
fix break: contig_2:5742811-5742867 5742615 -220 +222 BreakFix
fix break: contig_2:5748116-5748123 5747800 -569 +571 BreakFix
# fix break: contig_2:5754472-5754520 0 -0 +0 NoSolution
fix break: contig_2:5768188-5768378 5768347 -21 +24 BreakFix
# fix break: contig_2:5768727-5768842 0 -0 +0 NoSolution
fix break: contig_2:5772195-5772471 5772270 -92 +95 BreakFix
fix break: contig_2:5774095-5774184 5774132 -158 +161 BreakFix
# fix break: contig_2:5791467-5791628 0 -0 +0 NoSolution
fix break: contig_2:5846789-5846974 5846711 -197 +200 BreakFix
fix break: contig_2:5848429-5848565 5848446 -441 +446 BreakFix
# fix break: contig_2:5911226-5911327 0 -0 +0 NoSolution TandemRepeat 125
# fix break: contig_2:5933862-5934354 0 -0 +0 NoSolution TandemRepeat 42
fix break: contig_2:6028282-6028527 6027987 -541 +543 BreakFix
# fix break: contig_2:6029082-6030279 0 -0 +0 NoSolution
# fix break: contig_2:6030641-6030956 0 -0 +0 NoSolution
# fix break: contig_2:6067256-6067332 0 -0 +0 NoSolution
fix break: contig_2:6113340 6113394 -135 +141 BreakFix
fix break: contig_2:6123582-6123632 6123605 -305 +307 BreakFix
fix break: contig_2:6146987-6146989 6146651 -377 +379 BreakFix
fix break: contig_2:6285609-6285875 6285334 -401 +404 BreakFix
fix break: contig_2:6362405-6362482 6362417 -58 +60 BreakFix
fix break: contig_2:6389965-6389987 6389993 -26 +29 BreakFix
fix break: contig_2:6443030-6443176 6442923 -199 +201 BreakFix
# fix break: contig_2:6503016-6503110 0 -0 +0 NoSolution
# fix break: contig_2:6517940-6518231 0 -0 +0 NoSolution
# fix break: contig_2:6810156-6810297 0 -0 +0 NoSolution
# fix break: contig_2:6820562-6820563 0 -0 +0 NoSolution
fix break: contig_2:6824065-6824155 6824044 -46 +49 BreakFix
fix break: contig_2:6944327-6944456 6944327 -222 +224 BreakFix
fix break: contig_2:7026965-7027194 7027039 -259 +261 BreakFix
fix break: contig_2:7107873-7107932 7107821 -112 +114 BreakFix
# fix break: contig_2:7132801-7133071 0 -0 +0 NoSolution
fix break: contig_2:7561584-7561750 7561724 -19 +21 BreakFix
fix break: contig_2:7590054-7590443 7590073 -637 +640 BreakFix
fix break: contig_2:7635658-7635830 7635462 -402 +405 BreakFix
fix break: contig_2:7721962-7722064 7721962 -95 +99 BreakFix
fix break: contig_2:7753350-7753492 7753284 -280 +282 BreakFix
fix break: contig_2:7859609-7859767 7859374 -364 +366 BreakFix
# fix break: contig_2:7906374-7906538 0 -0 +0 NoSolution TandemRepeat 1
fix break: contig_2:7953273-7953297 7952956 -342 +344 BreakFix
fix break: contig_2:8019242-8019561 8019077 -354 +359 BreakFix
# fix break: contig_2:8287924-8288039 0 -0 +0 NoSolution
fix break: contig_2:8486628-8486818 8486778 -164 +167 BreakFix
fix break: contig_2:8543482-8543716 8543507 -228 +232 BreakFix
fix break: contig_2:8620018-8620110 8619775 -336 +341 BreakFix
fix break: contig_2:8779783-8779941 8779914 -68 +70 BreakFix
# fix break: contig_2:8829381 0 -0 +0 NoSolution
fix break: contig_2:9139147-9139246 9139078 -221 +225 BreakFix
# fix break: contig_2:9347237-9347360 0 -0 +0 NoSolution
# fix break: contig_2:9348311-9348373 0 -0 +0 NoSolution
contig_2:1-9355271 log:
Finished processing contig_2:1-9355271
Processing contig_3:1-292402
unpaired unpaired_R7.sorted.bam: coverage 2
frags paired_R7.sorted.bam: coverage 126
Total Reads: 139372, Coverage: 128, minDepth: 13
Confirmed 291807 of 292402 bases (99.80%)
Corrected 1 snps; 0 ambiguous bases; corrected 159 small insertions totaling 166 bases, 1 small deletions totaling 1 bases
# Attempting to fix local continuity breaks
fix break: contig_3:61230-61261 60985 -231 +234 BreakFix
fix break: contig_3:63935-64086 63960 -412 +415 BreakFix
fix break: contig_3:134929-135161 134838 -244 +247 BreakFix
contig_3:1-292402 log:
Finished processing contig_3:1-292402
Writing contig_2:1-9355271 VCF to pilon_polished_R7.vcf
Writing contig_2:1-9355271 changes to pilon_polished_R7.changes
Writing updated contig_2_pilon to pilon_polished_R7.fasta
Writing contig_3:1-292402 VCF to pilon_polished_R7.vcf
Writing contig_3:1-292402 changes to pilon_polished_R7.changes
Writing updated contig_3_pilon to pilon_polished_R7.fasta
Mean unpaired coverage: 1
Mean frags coverage: 76
Mean total coverage: 78
