/sw/bioinfo/quast/5.0.2/snowy/bin/quast.py pilon_polished_HP126.fasta -r HP126_genome.fasta -o quast_results_HP126 -t 4 --min-contig 200

Version: 5.0.2

System information:
  OS: Linux-3.10.0-1160.119.1.el7.x86_64-x86_64-with-centos-7.9.2009-Core (linux_64)
  Python version: 3.7.2
  CPUs number: 16

Started: 2025-05-02 16:56:24

Logging to /scratch/9924036/quast_results_HP126/quast.log

CWD: /scratch/9924036
Main parameters: 
  MODE: default, threads: 4, minimum contig length: 200, minimum alignment length: 65, \
  ambiguity: one, threshold for extensive misassembly size: 1000

Reference:
  /scratch/9924036/HP126_genome.fasta ==> HP126_genome

Contigs:
  Pre-processing...
  pilon_polished_HP126.fasta ==> pilon_polished_HP126

2025-05-02 16:56:29
Running Basic statistics processor...
  Reference genome:
    HP126_genome.fasta, length = 9619655, num fragments = 2, GC % = 71.93
  Contig files: 
    pilon_polished_HP126
  Calculating N50 and L50...
    pilon_polished_HP126, N50 = 6996061, L50 = 1, Total length = 8772034, GC % = 72.00, # N's per 100 kbp =  0.00
  Drawing Nx plot...
    saved to /scratch/9924036/quast_results_HP126/basic_stats/Nx_plot.pdf
  Drawing NGx plot...
    saved to /scratch/9924036/quast_results_HP126/basic_stats/NGx_plot.pdf
  Drawing cumulative plot...
    saved to /scratch/9924036/quast_results_HP126/basic_stats/cumulative_plot.pdf
  Drawing GC content plot...
    saved to /scratch/9924036/quast_results_HP126/basic_stats/GC_content_plot.pdf
  Drawing pilon_polished_HP126 GC content plot...
    saved to /scratch/9924036/quast_results_HP126/basic_stats/pilon_polished_HP126_GC_content_plot.pdf
Done.

2025-05-02 16:56:32
Running Contig analyzer...
  pilon_polished_HP126
  Logging to files /scratch/9924036/quast_results_HP126/contigs_reports/contigs_report_pilon_polished_HP126.stdout and contigs_report_pilon_polished_HP126.stderr...
  Aligning contigs to the reference
  Analysis is finished.
  Creating total report...
    saved to /scratch/9924036/quast_results_HP126/contigs_reports/misassemblies_report.txt, misassemblies_report.tsv, and misassemblies_report.tex
  Transposed version of total report...
    saved to /scratch/9924036/quast_results_HP126/contigs_reports/transposed_report_misassemblies.txt, transposed_report_misassemblies.tsv, and transposed_report_misassemblies.tex
  Creating total report...
    saved to /scratch/9924036/quast_results_HP126/contigs_reports/unaligned_report.txt, unaligned_report.tsv, and unaligned_report.tex
  Drawing misassemblies by types plot...
    saved to /scratch/9924036/quast_results_HP126/contigs_reports/misassemblies_plot.pdf
  Drawing misassemblies FRCurve plot...
    saved to /scratch/9924036/quast_results_HP126/contigs_reports/misassemblies_frcurve_plot.pdf
Done.

2025-05-02 16:56:38
Running NA-NGA calculation...
  pilon_polished_HP126, Largest alignment = 6996061, NA50 = 6996061, NGA50 = 6996061, LA50 = 1, LGA50 = 1
  Drawing cumulative plot...
    saved to /scratch/9924036/quast_results_HP126/aligned_stats/cumulative_plot.pdf
  Drawing NAx plot...
    saved to /scratch/9924036/quast_results_HP126/aligned_stats/NAx_plot.pdf
  Drawing NGAx plot...
    saved to /scratch/9924036/quast_results_HP126/aligned_stats/NGAx_plot.pdf
Done.

2025-05-02 16:56:39
Running Genome analyzer...
  NOTICE: No file with genomic features were provided. Use the --features option if you want to specify it.

  NOTICE: No file with operons were provided. Use the -O option if you want to specify it.
  pilon_polished_HP126
  Analysis is finished.
  Skipping drawing Genome fraction, % histogram... (less than 2 columns histogram makes no sense)
Done.

NOTICE: Genes are not predicted by default. Use --gene-finding or --glimmer option to enable it.

2025-05-02 16:56:43
Creating large visual summaries...
This may take a while: press Ctrl-C to skip this step..
  1 of 2: Creating Icarus viewers...
  2 of 2: Creating PDF with all tables and plots...
Done

2025-05-02 16:56:44
RESULTS:
  Text versions of total report are saved to /scratch/9924036/quast_results_HP126/report.txt, report.tsv, and report.tex
  Text versions of transposed total report are saved to /scratch/9924036/quast_results_HP126/transposed_report.txt, transposed_report.tsv, and transposed_report.tex
  HTML version (interactive tables and plots) is saved to /scratch/9924036/quast_results_HP126/report.html
  PDF version (tables and plots) is saved to /scratch/9924036/quast_results_HP126/report.pdf
  Icarus (contig browser) is saved to /scratch/9924036/quast_results_HP126/icarus.html
  Log is saved to /scratch/9924036/quast_results_HP126/quast.log

Finished: 2025-05-02 16:56:44
Elapsed time: 0:00:20.233906
NOTICEs: 3; WARNINGs: 0; non-fatal ERRORs: 0

Thank you for using QUAST!
