trimmomatic/0.39 loaded, see 'module help trimmomatic/0.39' for more information.
TrimmomaticPE: Started with arguments:
 -phred33 SRR24516456_1.fastq.gz SRR24516456_2.fastq.gz SRR24516456_1_trimmed_RNA.fastq.gz SRR24516456_2_trimmed_RNA.fastq.gz SRR24516456_1_unpaired_trimmed_RNA.fastq.gz SRR24516456_2_unpaired_trimmed_RNA.fastq.gz ILLUMINACLIP:/sw/bioinfo/trimmomatic/0.39/snowy/adapters/TruSeq3-PE.fa:2:30:10 LEADING:20 TRAILING:20 MINLEN:36 -threads 2
Using PrefixPair: 'TACACTCTTTCCCTACACGACGCTCTTCCGATCT' and 'GTGACTGGAGTTCAGACGTGTGCTCTTCCGATCT'
ILLUMINACLIP: Using 1 prefix pairs, 0 forward/reverse sequences, 0 forward only sequences, 0 reverse only sequences
Input Read Pairs: 9480313 Both Surviving: 9441070 (99.59%) Forward Only Surviving: 27080 (0.29%) Reverse Only Surviving: 10027 (0.11%) Dropped: 2136 (0.02%)
TrimmomaticPE: Completed successfully
TrimmomaticPE: Started with arguments:
 -phred33 SRR24516457_1.fastq.gz SRR24516457_2.fastq.gz SRR24516457_1_trimmed_RNA.fastq.gz SRR24516457_2_trimmed_RNA.fastq.gz SRR24516457_1_unpaired_trimmed_RNA.fastq.gz SRR24516457_2_unpaired_trimmed_RNA.fastq.gz ILLUMINACLIP:/sw/bioinfo/trimmomatic/0.39/snowy/adapters/TruSeq3-PE.fa:2:30:10 LEADING:20 TRAILING:20 MINLEN:36 -threads 2
Using PrefixPair: 'TACACTCTTTCCCTACACGACGCTCTTCCGATCT' and 'GTGACTGGAGTTCAGACGTGTGCTCTTCCGATCT'
ILLUMINACLIP: Using 1 prefix pairs, 0 forward/reverse sequences, 0 forward only sequences, 0 reverse only sequences
Input Read Pairs: 7702515 Both Surviving: 7683150 (99.75%) Forward Only Surviving: 18424 (0.24%) Reverse Only Surviving: 699 (0.01%) Dropped: 242 (0.00%)
TrimmomaticPE: Completed successfully
TrimmomaticPE: Started with arguments:
 -phred33 SRR24516458_1.fastq.gz SRR24516458_2.fastq.gz SRR24516458_1_trimmed_RNA.fastq.gz SRR24516458_2_trimmed_RNA.fastq.gz SRR24516458_1_unpaired_trimmed_RNA.fastq.gz SRR24516458_2_unpaired_trimmed_RNA.fastq.gz ILLUMINACLIP:/sw/bioinfo/trimmomatic/0.39/snowy/adapters/TruSeq3-PE.fa:2:30:10 LEADING:20 TRAILING:20 MINLEN:36 -threads 2
Using PrefixPair: 'TACACTCTTTCCCTACACGACGCTCTTCCGATCT' and 'GTGACTGGAGTTCAGACGTGTGCTCTTCCGATCT'
ILLUMINACLIP: Using 1 prefix pairs, 0 forward/reverse sequences, 0 forward only sequences, 0 reverse only sequences
Input Read Pairs: 7037800 Both Surviving: 7012233 (99.64%) Forward Only Surviving: 24064 (0.34%) Reverse Only Surviving: 1361 (0.02%) Dropped: 142 (0.00%)
TrimmomaticPE: Completed successfully
TrimmomaticPE: Started with arguments:
 -phred33 SRR24516459_1.fastq.gz SRR24516459_2.fastq.gz SRR24516459_1_trimmed_RNA.fastq.gz SRR24516459_2_trimmed_RNA.fastq.gz SRR24516459_1_unpaired_trimmed_RNA.fastq.gz SRR24516459_2_unpaired_trimmed_RNA.fastq.gz ILLUMINACLIP:/sw/bioinfo/trimmomatic/0.39/snowy/adapters/TruSeq3-PE.fa:2:30:10 LEADING:20 TRAILING:20 MINLEN:36 -threads 2
Using PrefixPair: 'TACACTCTTTCCCTACACGACGCTCTTCCGATCT' and 'GTGACTGGAGTTCAGACGTGTGCTCTTCCGATCT'
ILLUMINACLIP: Using 1 prefix pairs, 0 forward/reverse sequences, 0 forward only sequences, 0 reverse only sequences
Input Read Pairs: 11114132 Both Surviving: 11096795 (99.84%) Forward Only Surviving: 16163 (0.15%) Reverse Only Surviving: 966 (0.01%) Dropped: 208 (0.00%)
TrimmomaticPE: Completed successfully
TrimmomaticPE: Started with arguments:
 -phred33 SRR24516460_1.fastq.gz SRR24516460_2.fastq.gz SRR24516460_1_trimmed_RNA.fastq.gz SRR24516460_2_trimmed_RNA.fastq.gz SRR24516460_1_unpaired_trimmed_RNA.fastq.gz SRR24516460_2_unpaired_trimmed_RNA.fastq.gz ILLUMINACLIP:/sw/bioinfo/trimmomatic/0.39/snowy/adapters/TruSeq3-PE.fa:2:30:10 LEADING:20 TRAILING:20 MINLEN:36 -threads 2
Using PrefixPair: 'TACACTCTTTCCCTACACGACGCTCTTCCGATCT' and 'GTGACTGGAGTTCAGACGTGTGCTCTTCCGATCT'
ILLUMINACLIP: Using 1 prefix pairs, 0 forward/reverse sequences, 0 forward only sequences, 0 reverse only sequences
Input Read Pairs: 10834478 Both Surviving: 10793153 (99.62%) Forward Only Surviving: 39357 (0.36%) Reverse Only Surviving: 1739 (0.02%) Dropped: 229 (0.00%)
TrimmomaticPE: Completed successfully
TrimmomaticPE: Started with arguments:
 -phred33 SRR24516461_1.fastq.gz SRR24516461_2.fastq.gz SRR24516461_1_trimmed_RNA.fastq.gz SRR24516461_2_trimmed_RNA.fastq.gz SRR24516461_1_unpaired_trimmed_RNA.fastq.gz SRR24516461_2_unpaired_trimmed_RNA.fastq.gz ILLUMINACLIP:/sw/bioinfo/trimmomatic/0.39/snowy/adapters/TruSeq3-PE.fa:2:30:10 LEADING:20 TRAILING:20 MINLEN:36 -threads 2
Using PrefixPair: 'TACACTCTTTCCCTACACGACGCTCTTCCGATCT' and 'GTGACTGGAGTTCAGACGTGTGCTCTTCCGATCT'
ILLUMINACLIP: Using 1 prefix pairs, 0 forward/reverse sequences, 0 forward only sequences, 0 reverse only sequences
Input Read Pairs: 9879994 Both Surviving: 9838301 (99.58%) Forward Only Surviving: 35817 (0.36%) Reverse Only Surviving: 4965 (0.05%) Dropped: 911 (0.01%)
TrimmomaticPE: Completed successfully
TrimmomaticPE: Started with arguments:
 -phred33 SRR24516462_1.fastq.gz SRR24516462_2.fastq.gz SRR24516462_1_trimmed_RNA.fastq.gz SRR24516462_2_trimmed_RNA.fastq.gz SRR24516462_1_unpaired_trimmed_RNA.fastq.gz SRR24516462_2_unpaired_trimmed_RNA.fastq.gz ILLUMINACLIP:/sw/bioinfo/trimmomatic/0.39/snowy/adapters/TruSeq3-PE.fa:2:30:10 LEADING:20 TRAILING:20 MINLEN:36 -threads 2
Using PrefixPair: 'TACACTCTTTCCCTACACGACGCTCTTCCGATCT' and 'GTGACTGGAGTTCAGACGTGTGCTCTTCCGATCT'
ILLUMINACLIP: Using 1 prefix pairs, 0 forward/reverse sequences, 0 forward only sequences, 0 reverse only sequences
Input Read Pairs: 10113040 Both Surviving: 10079866 (99.67%) Forward Only Surviving: 31477 (0.31%) Reverse Only Surviving: 1483 (0.01%) Dropped: 214 (0.00%)
TrimmomaticPE: Completed successfully
TrimmomaticPE: Started with arguments:
 -phred33 SRR24516463_1.fastq.gz SRR24516463_2.fastq.gz SRR24516463_1_trimmed_RNA.fastq.gz SRR24516463_2_trimmed_RNA.fastq.gz SRR24516463_1_unpaired_trimmed_RNA.fastq.gz SRR24516463_2_unpaired_trimmed_RNA.fastq.gz ILLUMINACLIP:/sw/bioinfo/trimmomatic/0.39/snowy/adapters/TruSeq3-PE.fa:2:30:10 LEADING:20 TRAILING:20 MINLEN:36 -threads 2
Using PrefixPair: 'TACACTCTTTCCCTACACGACGCTCTTCCGATCT' and 'GTGACTGGAGTTCAGACGTGTGCTCTTCCGATCT'
ILLUMINACLIP: Using 1 prefix pairs, 0 forward/reverse sequences, 0 forward only sequences, 0 reverse only sequences
Input Read Pairs: 10121805 Both Surviving: 10085039 (99.64%) Forward Only Surviving: 34051 (0.34%) Reverse Only Surviving: 2338 (0.02%) Dropped: 377 (0.00%)
TrimmomaticPE: Completed successfully
TrimmomaticPE: Started with arguments:
 -phred33 SRR24516464_1.fastq.gz SRR24516464_2.fastq.gz SRR24516464_1_trimmed_RNA.fastq.gz SRR24516464_2_trimmed_RNA.fastq.gz SRR24516464_1_unpaired_trimmed_RNA.fastq.gz SRR24516464_2_unpaired_trimmed_RNA.fastq.gz ILLUMINACLIP:/sw/bioinfo/trimmomatic/0.39/snowy/adapters/TruSeq3-PE.fa:2:30:10 LEADING:20 TRAILING:20 MINLEN:36 -threads 2
Using PrefixPair: 'TACACTCTTTCCCTACACGACGCTCTTCCGATCT' and 'GTGACTGGAGTTCAGACGTGTGCTCTTCCGATCT'
ILLUMINACLIP: Using 1 prefix pairs, 0 forward/reverse sequences, 0 forward only sequences, 0 reverse only sequences
Input Read Pairs: 10822178 Both Surviving: 10768220 (99.50%) Forward Only Surviving: 49481 (0.46%) Reverse Only Surviving: 3787 (0.03%) Dropped: 690 (0.01%)
TrimmomaticPE: Completed successfully
