augustus/3.5.0-20231223-33fc04d: If you see errors about not being able to write to an augustus directory, see 'module help augustus/3.5.0-20231223-33fc04d'
The environment variable BUSCO_LINEAGE_SETS is set to a directory containing
BUSCO v5 lineage sets.  Use with the -l option, for example:

    busco -l $BUSCO_LINEAGE_SETS/fungi_odb10 ...

A list of available lineage sets is provided via 'module help BUSCO/5.7.1'

----
If you see this error from BUSCO:

    Error: Cannot write to Augustus directory, please make sure you have write permissions to <directory>

then you need to create a local copy of the config directory from the augustus
module with 'source $AUGUSTUS_CONFIG_COPY'.  See 'module help augustus/3.5.0-20231223-33fc04d'

Checking file in SNIC_TMP:
-rw-rw-r-- 1 saidas saidas 8881750 May  3 21:47 /scratch/9925938/pilon_polished_HP126.fasta
Running BUSCO analysis...
2025-05-03 21:47:21 INFO:	***** Start a BUSCO v5.7.1 analysis, current time: 05/03/2025 21:47:21 *****
2025-05-03 21:47:21 INFO:	Configuring BUSCO with /sw/bioinfo/BUSCO/5.7.1/snowy/config.ini
2025-05-03 21:47:21 INFO:	Running genome mode
2025-05-03 21:47:21 INFO:	Input file is /scratch/9925938/pilon_polished_HP126.fasta
2025-05-03 21:47:21 INFO:	Using local lineages directory /sw/bioinfo/BUSCO/v5_lineage_sets/lineages/bacteria_odb10
2025-05-03 21:47:21 INFO:	Running BUSCO using lineage dataset bacteria_odb10 (prokaryota, 2024-01-08)
2025-05-03 21:47:21 INFO:	Running 1 job(s) on bbtools, starting at 05/03/2025 21:47:21
2025-05-03 21:47:23 INFO:	[bbtools]	1 of 1 task(s) completed
2025-05-03 21:47:23 INFO:	***** Run Prodigal on input to predict and extract genes *****
2025-05-03 21:47:23 INFO:	Running Prodigal with genetic code 11 in single mode
2025-05-03 21:47:23 INFO:	Running 1 job(s) on prodigal, starting at 05/03/2025 21:47:23
2025-05-03 21:47:46 INFO:	[prodigal]	1 of 1 task(s) completed
2025-05-03 21:47:46 INFO:	Genetic code 11 selected as optimal
2025-05-03 21:47:46 INFO:	***** Run HMMER on gene sequences *****
2025-05-03 21:47:46 INFO:	Running 124 job(s) on hmmsearch, starting at 05/03/2025 21:47:46
2025-05-03 21:47:48 INFO:	[hmmsearch]	13 of 124 task(s) completed
2025-05-03 21:47:48 INFO:	[hmmsearch]	25 of 124 task(s) completed
2025-05-03 21:47:49 INFO:	[hmmsearch]	38 of 124 task(s) completed
2025-05-03 21:47:49 INFO:	[hmmsearch]	50 of 124 task(s) completed
2025-05-03 21:47:50 INFO:	[hmmsearch]	63 of 124 task(s) completed
2025-05-03 21:47:50 INFO:	[hmmsearch]	75 of 124 task(s) completed
2025-05-03 21:47:50 INFO:	[hmmsearch]	87 of 124 task(s) completed
2025-05-03 21:47:51 INFO:	[hmmsearch]	100 of 124 task(s) completed
2025-05-03 21:47:51 INFO:	[hmmsearch]	112 of 124 task(s) completed
2025-05-03 21:47:52 INFO:	[hmmsearch]	124 of 124 task(s) completed
2025-05-03 21:47:52 INFO:	Results:	C:99.2%[S:96.0%,D:3.2%],F:0.8%,M:0.0%,n:124	   

2025-05-03 21:47:52 INFO:	

    ---------------------------------------------------
    |Results from dataset bacteria_odb10               |
    ---------------------------------------------------
    |C:99.2%[S:96.0%,D:3.2%],F:0.8%,M:0.0%,n:124       |
    |123    Complete BUSCOs (C)                        |
    |119    Complete and single-copy BUSCOs (S)        |
    |4    Complete and duplicated BUSCOs (D)           |
    |1    Fragmented BUSCOs (F)                        |
    |0    Missing BUSCOs (M)                           |
    |124    Total BUSCO groups searched                |
    ---------------------------------------------------
2025-05-03 21:47:52 INFO:	BUSCO analysis done. Total running time: 32 seconds
2025-05-03 21:47:52 INFO:	Results written in /scratch/9925938/HP126_BUSCO
2025-05-03 21:47:52 INFO:	For assistance with interpreting the results, please consult the userguide: https://busco.ezlab.org/busco_userguide.html

2025-05-03 21:47:52 INFO:	Visit this page https://gitlab.com/ezlab/busco#how-to-cite-busco to see how to cite BUSCO
Checking if BUSCO folder exists in SNIC_TMP:
total 20
drwxrwxr-x 2 saidas saidas 4096 May  3 21:47 logs
drwxrwxr-x 3 saidas saidas 4096 May  3 21:47 prodigal_output
drwxrwxr-x 5 saidas saidas 4096 May  3 21:47 run_bacteria_odb10
-rw-rw-r-- 1 saidas saidas 2792 May  3 21:47 short_summary.specific.bacteria_odb10.HP126_BUSCO.json
-rw-rw-r-- 1 saidas saidas  926 May  3 21:47 short_summary.specific.bacteria_odb10.HP126_BUSCO.txt
Copying results to the output directory...
Checking output directory for results:
total 4
drwxrwsr-x 5 saidas saidas 4096 May  3 21:47 HP126_BUSCO
