eggNOG_data/5.0.0: Data available at $EGGNOG_DATA_ROOT, see 'module help eggNOG_data/5.0.0'
[1;32mFunctional annotation of hits...[0m
0 7.62939453125e-06 0.00 q/s (% mem usage: 7.30, % mem avail: 92.67)
#  emapper-2.1.9
# emapper.py  -i R7_annotation.faa --itype proteins -m diamond --cpu 16 -o R7_eggnog_results --output_dir /scratch/9924047 --decorate_gff R7_annotation_clean.gff --decorate_gff_ID_field GeneID --excel
[1;33m  /sw/bioinfo/eggNOG-mapper/2.1.9/snowy/bin/diamond blastp -d /crex/data/eggNOG_data/5.0.0/rackham/eggnog_proteins.dmnd -q /scratch/9924047/R7_annotation.faa --threads 16 -o /scratch/9924047/R7_eggnog_results.emapper.hits --tmpdir /scratch/9924047/emappertmp_dmdn_umo_6lgy --sensitive --iterate -e 0.001 --top 3  --outfmt 6 qseqid sseqid pident length mismatch gapopen qstart qend sstart send evalue bitscore qcovhsp scovhsp[0m
[1;32mDecorating gff file R7_annotation_clean.gff...[0m
500 8.689645051956177 57.54 q/s (% mem usage: 8.90, % mem avail: 91.08)
1000 9.898602485656738 101.02 q/s (% mem usage: 9.00, % mem avail: 91.00)
1500 11.501019716262817 130.42 q/s (% mem usage: 9.10, % mem avail: 90.95)
2000 14.173129081726074 141.11 q/s (% mem usage: 9.20, % mem avail: 90.83)
2500 17.332693815231323 144.24 q/s (% mem usage: 9.20, % mem avail: 90.78)
3000 17.908506870269775 167.52 q/s (% mem usage: 9.20, % mem avail: 90.78)
3500 20.33056354522705 172.15 q/s (% mem usage: 9.30, % mem avail: 90.72)
4000 21.356078386306763 187.30 q/s (% mem usage: 9.30, % mem avail: 90.69)
4500 23.249677896499634 193.55 q/s (% mem usage: 9.30, % mem avail: 90.69)
5000 24.79682683944702 201.64 q/s (% mem usage: 9.30, % mem avail: 90.68)
5500 26.20680546760559 209.87 q/s (% mem usage: 9.30, % mem avail: 90.66)
6000 27.801586627960205 215.82 q/s (% mem usage: 9.40, % mem avail: 90.64)
6500 29.282277822494507 221.98 q/s (% mem usage: 9.40, % mem avail: 90.64)
7000 30.52377939224243 229.33 q/s (% mem usage: 9.40, % mem avail: 90.63)
7500 31.263322591781616 239.90 q/s (% mem usage: 9.40, % mem avail: 90.62)
8000 31.82454013824463 251.38 q/s (% mem usage: 9.40, % mem avail: 90.62)
8077 34.64124393463135 233.16 q/s (% mem usage: 9.10, % mem avail: 90.90)
[32mDone[0m
[1;33mResult files:[0m
   /scratch/9924047/R7_eggnog_results.emapper.decorated.gff
   /scratch/9924047/R7_eggnog_results.emapper.hits
   /scratch/9924047/R7_eggnog_results.emapper.seed_orthologs
   /scratch/9924047/R7_eggnog_results.emapper.annotations
   /scratch/9924047/R7_eggnog_results.emapper.annotations.xlsx

================================================================================
CITATION:
If you use this software, please cite:

[1] eggNOG-mapper v2: functional annotation, orthology assignments, and domain 
      prediction at the metagenomic scale. Carlos P. Cantalapiedra, 
      Ana Hernandez-Plaza, Ivica Letunic, Peer Bork, Jaime Huerta-Cepas. 2021.
      Molecular Biology and Evolution, msab293, https://doi.org/10.1093/molbev/msab293

[2] eggNOG 5.0: a hierarchical, functionally and phylogenetically annotated
      orthology resource based on 5090 organisms and 2502 viruses. Jaime
      Huerta-Cepas, Damian Szklarczyk, Davide Heller, Ana Hernandez-Plaza,
      Sofia K Forslund, Helen Cook, Daniel R Mende, Ivica Letunic, Thomas
      Rattei, Lars J Jensen, Christian von Mering and Peer Bork. Nucleic Acids
      Research, Volume 47, Issue D1, 8 January 2019, Pages D309-D314,
      https://doi.org/10.1093/nar/gky1085 

[3] Sensitive protein alignments at tree-of-life scale using DIAMOND.
       Buchfink B, Reuter K, Drost HG. 2021.
       Nature Methods 18, 366–368 (2021). https://doi.org/10.1038/s41592-021-01101-x

e.g. Functional annotation was performed using eggNOG-mapper (version emapper-2.1.9) [1]
 based on eggNOG orthology data [2]. Sequence searches were performed using [3].

================================================================================

Total hits processed: 8077
Total time: 421 secs
FINISHED
