eggNOG_data/5.0.0: Data available at $EGGNOG_DATA_ROOT, see 'module help eggNOG_data/5.0.0'
[1;32mFunctional annotation of hits...[0m
0 7.62939453125e-06 0.00 q/s (% mem usage: 7.40, % mem avail: 92.64)
#  emapper-2.1.9
# emapper.py  -i HP126_annotation.faa --itype proteins -m diamond --cpu 16 -o HP126_eggnog_results --output_dir /scratch/9924046 --decorate_gff HP126_annotation_clean.gff --decorate_gff_ID_field GeneID --excel
[1;33m  /sw/bioinfo/eggNOG-mapper/2.1.9/snowy/bin/diamond blastp -d /crex/data/eggNOG_data/5.0.0/rackham/eggnog_proteins.dmnd -q /scratch/9924046/HP126_annotation.faa --threads 16 -o /scratch/9924046/HP126_eggnog_results.emapper.hits --tmpdir /scratch/9924046/emappertmp_dmdn_y0z_79zb --sensitive --iterate -e 0.001 --top 3  --outfmt 6 qseqid sseqid pident length mismatch gapopen qstart qend sstart send evalue bitscore qcovhsp scovhsp[0m
[1;32mDecorating gff file HP126_annotation_clean.gff...[0m
500 12.19438123703003 41.00 q/s (% mem usage: 8.90, % mem avail: 91.14)
1000 16.896318912506104 59.18 q/s (% mem usage: 9.10, % mem avail: 90.92)
1500 21.445930004119873 69.94 q/s (% mem usage: 9.20, % mem avail: 90.84)
2000 21.6298930644989 92.46 q/s (% mem usage: 9.20, % mem avail: 90.84)
2500 23.69398522377014 105.51 q/s (% mem usage: 9.20, % mem avail: 90.78)
3000 26.028178453445435 115.26 q/s (% mem usage: 9.20, % mem avail: 90.76)
3500 28.640034437179565 122.21 q/s (% mem usage: 9.30, % mem avail: 90.73)
4000 30.353643894195557 131.78 q/s (% mem usage: 9.30, % mem avail: 90.71)
4500 32.117724657058716 140.11 q/s (% mem usage: 9.30, % mem avail: 90.71)
5000 33.91450572013855 147.43 q/s (% mem usage: 9.30, % mem avail: 90.69)
5500 35.874775648117065 153.31 q/s (% mem usage: 9.30, % mem avail: 90.67)
6000 37.91325855255127 158.26 q/s (% mem usage: 9.30, % mem avail: 90.66)
6500 38.57628870010376 168.50 q/s (% mem usage: 9.40, % mem avail: 90.64)
7000 39.8091721534729 175.84 q/s (% mem usage: 9.40, % mem avail: 90.61)
7364 43.48784065246582 169.33 q/s (% mem usage: 9.10, % mem avail: 90.88)
[32mDone[0m
[1;33mResult files:[0m
   /scratch/9924046/HP126_eggnog_results.emapper.decorated.gff
   /scratch/9924046/HP126_eggnog_results.emapper.hits
   /scratch/9924046/HP126_eggnog_results.emapper.seed_orthologs
   /scratch/9924046/HP126_eggnog_results.emapper.annotations
   /scratch/9924046/HP126_eggnog_results.emapper.annotations.xlsx

================================================================================
CITATION:
If you use this software, please cite:

[1] eggNOG-mapper v2: functional annotation, orthology assignments, and domain 
      prediction at the metagenomic scale. Carlos P. Cantalapiedra, 
      Ana Hernandez-Plaza, Ivica Letunic, Peer Bork, Jaime Huerta-Cepas. 2021.
      Molecular Biology and Evolution, msab293, https://doi.org/10.1093/molbev/msab293

[2] eggNOG 5.0: a hierarchical, functionally and phylogenetically annotated
      orthology resource based on 5090 organisms and 2502 viruses. Jaime
      Huerta-Cepas, Damian Szklarczyk, Davide Heller, Ana Hernandez-Plaza,
      Sofia K Forslund, Helen Cook, Daniel R Mende, Ivica Letunic, Thomas
      Rattei, Lars J Jensen, Christian von Mering and Peer Bork. Nucleic Acids
      Research, Volume 47, Issue D1, 8 January 2019, Pages D309-D314,
      https://doi.org/10.1093/nar/gky1085 

[3] Sensitive protein alignments at tree-of-life scale using DIAMOND.
       Buchfink B, Reuter K, Drost HG. 2021.
       Nature Methods 18, 366–368 (2021). https://doi.org/10.1038/s41592-021-01101-x

e.g. Functional annotation was performed using eggNOG-mapper (version emapper-2.1.9) [1]
 based on eggNOG orthology data [2]. Sequence searches were performed using [3].

================================================================================

Total hits processed: 7364
Total time: 378 secs
FINISHED
