Usage: java -jar $PILON_HOME/pilon.jar other-options...
[bwa_index] Pack FASTA... 0.08 sec
[bwa_index] Construct BWT for the packed sequence...
[bwa_index] 3.58 seconds elapse.
[bwa_index] Update BWT... 0.11 sec
[bwa_index] Pack forward-only FASTA... 0.07 sec
[bwa_index] Construct SA from BWT and Occ... 1.32 sec
[main] Version: 0.7.18-r1243-dirty
[main] CMD: bwa index assembly_R7.fasta
[main] Real time: 5.564 sec; CPU: 5.166 sec
[M::bwa_idx_load_from_disk] read 0 ALT contigs
[M::process] read 71074 sequences (20000517 bp)...
[W::bseq_read] the 2nd file has fewer sequences.
[M::process] read 19510 sequences (5494709 bp)...
[M::mem_pestat] # candidate unique pairs for (FF, FR, RF, RR): (25, 23, 17, 21)
[M::mem_pestat] analyzing insert size distribution for orientation FF...
[M::mem_pestat] (25, 50, 75) percentile: (2586, 4415, 7268)
[M::mem_pestat] low and high boundaries for computing mean and std.dev: (1, 16632)
[M::mem_pestat] mean and std.dev: (4518.40, 2597.06)
[M::mem_pestat] low and high boundaries for proper pairs: (1, 21314)
[M::mem_pestat] analyzing insert size distribution for orientation FR...
[M::mem_pestat] (25, 50, 75) percentile: (4961, 5875, 7966)
[M::mem_pestat] low and high boundaries for computing mean and std.dev: (1, 13976)
[M::mem_pestat] mean and std.dev: (5475.61, 2928.68)
[M::mem_pestat] low and high boundaries for proper pairs: (1, 17190)
[M::mem_pestat] analyzing insert size distribution for orientation RF...
[M::mem_pestat] (25, 50, 75) percentile: (5533, 6807, 8314)
[M::mem_pestat] low and high boundaries for computing mean and std.dev: (1, 13876)
[M::mem_pestat] mean and std.dev: (6116.65, 2449.42)
[M::mem_pestat] low and high boundaries for proper pairs: (1, 16657)
[M::mem_pestat] analyzing insert size distribution for orientation RR...
[M::mem_pestat] (25, 50, 75) percentile: (3404, 4354, 6957)
[M::mem_pestat] low and high boundaries for computing mean and std.dev: (1, 14063)
[M::mem_pestat] mean and std.dev: (4620.00, 2295.40)
[M::mem_pestat] low and high boundaries for proper pairs: (1, 17616)
[mem_sam_pe] paired reads have different names: "SRR24413071.2", "SRR24413071.6"

[M::bwa_idx_load_from_disk] read 0 ALT contigs
[M::process] read 68132 sequences (20000313 bp)...
[M::process] read 68070 sequences (20000216 bp)...
[M::mem_process_seqs] Processed 68132 reads in 17.857 CPU sec, 8.954 real sec
[M::process] read 68146 sequences (20000575 bp)...
[M::mem_process_seqs] Processed 68070 reads in 19.694 CPU sec, 9.906 real sec
[M::process] read 68116 sequences (20000209 bp)...
[M::mem_process_seqs] Processed 68146 reads in 19.505 CPU sec, 9.823 real sec
[M::process] read 68076 sequences (20000260 bp)...
[M::mem_process_seqs] Processed 68116 reads in 19.863 CPU sec, 9.942 real sec
[M::process] read 68124 sequences (20000264 bp)...
[M::mem_process_seqs] Processed 68076 reads in 19.874 CPU sec, 9.961 real sec
[M::process] read 68080 sequences (20000042 bp)...
[M::mem_process_seqs] Processed 68124 reads in 20.020 CPU sec, 10.033 real sec
[M::process] read 68132 sequences (20000173 bp)...
[M::mem_process_seqs] Processed 68080 reads in 19.938 CPU sec, 9.976 real sec
[M::process] read 68102 sequences (20000188 bp)...
[M::mem_process_seqs] Processed 68132 reads in 21.585 CPU sec, 10.838 real sec
[M::process] read 68034 sequences (20000308 bp)...
[M::mem_process_seqs] Processed 68102 reads in 19.696 CPU sec, 9.881 real sec
[M::process] read 68116 sequences (20000025 bp)...
[M::mem_process_seqs] Processed 68034 reads in 17.367 CPU sec, 8.719 real sec
[M::process] read 68088 sequences (20000155 bp)...
[M::mem_process_seqs] Processed 68116 reads in 18.613 CPU sec, 9.323 real sec
[M::process] read 68148 sequences (20000498 bp)...
[M::mem_process_seqs] Processed 68088 reads in 17.216 CPU sec, 8.713 real sec
[M::process] read 68150 sequences (20000481 bp)...
[M::mem_process_seqs] Processed 68148 reads in 17.171 CPU sec, 8.590 real sec
[M::process] read 68134 sequences (20000521 bp)...
[M::mem_process_seqs] Processed 68150 reads in 17.935 CPU sec, 8.996 real sec
[M::process] read 68104 sequences (20000103 bp)...
[M::mem_process_seqs] Processed 68134 reads in 17.579 CPU sec, 8.829 real sec
[M::process] read 68122 sequences (20000128 bp)...
[M::mem_process_seqs] Processed 68104 reads in 17.380 CPU sec, 8.704 real sec
[M::process] read 68134 sequences (20000232 bp)...
[M::mem_process_seqs] Processed 68122 reads in 17.461 CPU sec, 8.777 real sec
[M::process] read 68058 sequences (20000237 bp)...
[M::mem_process_seqs] Processed 68134 reads in 17.574 CPU sec, 8.819 real sec
[M::process] read 68086 sequences (20000229 bp)...
[M::mem_process_seqs] Processed 68058 reads in 16.325 CPU sec, 8.185 real sec
[M::process] read 22923 sequences (6748606 bp)...
[M::mem_process_seqs] Processed 68086 reads in 18.659 CPU sec, 9.349 real sec
[M::mem_process_seqs] Processed 22923 reads in 6.537 CPU sec, 3.301 real sec
[main] Version: 0.7.18-r1243-dirty
[main] CMD: bwa mem -v 3 -t 2 assembly_R7.fasta SRR24413071_1_unpaired.trimmed.fastq.gz
[main] Real time: 190.463 sec; CPU: 378.402 sec
[M::bwa_idx_load_from_disk] read 0 ALT contigs
[M::process] read 166 sequences (46856 bp)...
[M::mem_process_seqs] Processed 166 reads in 0.031 CPU sec, 0.030 real sec
[main] Version: 0.7.18-r1243-dirty
[main] CMD: bwa mem -v 3 -t 2 assembly_R7.fasta SRR24413071_2_unpaired.trimmed.fastq.gz
[main] Real time: 0.091 sec; CPU: 0.058 sec
[bam_sort_core] merging from 0 files and 2 in-memory blocks...
Pilon version 1.24 Thu Jan 28 13:00:45 2021 -0500
--threads argument no longer supported; ignoring!
Genome: assembly_R7.fasta
Fixing snps, indels, gaps, local
Input genome size: 9647673
Scanning BAMs
unpaired_R7.sorted.bam: 1385808 reads, 0 filtered, 1376826 mapped, 0 proper, 0 stray, Unpaired 100% 294+/-18, max 347
paired_R7.sorted.bam: 0 reads, 0 filtered, 0 mapped, 0 proper, 0 stray, max 500
Processing contig_2:1-9355271
unpaired unpaired_R7.sorted.bam: coverage 37
frags paired_R7.sorted.bam: coverage 0
Total Reads: 1308265, Coverage: 37, minDepth: 5
Confirmed 9344531 of 9355271 bases (99.89%)
Corrected 63 snps; 0 ambiguous bases; corrected 5692 small insertions totaling 5892 bases, 10 small deletions totaling 10 bases
# Attempting to fix local continuity breaks
# fix break: contig_2:1026-1248 0 -0 +0 NoSolution
# fix break: contig_2:1866-1945 0 -0 +0 NoSolution
# fix break: contig_2:2775-2842 0 -0 +0 NoSolution
# fix break: contig_2:4421-4554 0 -0 +0 NoSolution
fix break: contig_2:216899-216903 216858 -55 +58 BreakFix
# fix break: contig_2:310886-310978 0 -0 +0 NoSolution
fix break: contig_2:518121-518163 518169 -88 +90 BreakFix
# fix break: contig_2:518531-518532 0 -0 +0 NoSolution
# fix break: contig_2:551089-551257 0 -0 +0 NoSolution
# fix break: contig_2:727538-727603 0 -0 +0 NoSolution
# fix break: contig_2:794380-794450 0 -0 +0 NoSolution
# fix break: contig_2:831003-831129 0 -0 +0 NoSolution
# fix break: contig_2:870660-870723 0 -0 +0 NoSolution
# fix break: contig_2:966786-966966 0 -0 +0 NoSolution
# fix break: contig_2:983673-983730 0 -0 +0 NoSolution
# fix break: contig_2:989970-990033 0 -0 +0 NoSolution
# fix break: contig_2:1032792-1032911 0 -0 +0 NoSolution
# fix break: contig_2:1106712-1106918 0 -0 +0 NoSolution
# fix break: contig_2:1222859-1223040 0 -0 +0 NoSolution
# fix break: contig_2:1267935-1268072 0 -0 +0 NoSolution
fix break: contig_2:1282720-1282835 1282720 -10 +12 BreakFix
fix break: contig_2:1350892-1350936 1350892 -131 +133 BreakFix
# fix break: contig_2:1407875-1408198 0 -0 +0 NoSolution TandemRepeat 165
# fix break: contig_2:1419913-1420202 0 -0 +0 NoSolution
# fix break: contig_2:1424420-1424575 0 -0 +0 NoSolution
# fix break: contig_2:1481161-1481416 0 -0 +0 NoSolution TandemRepeat 8
fix break: contig_2:1613955 1613940 -16 +20 BreakFix
# fix break: contig_2:1624185-1624343 0 -0 +0 NoSolution
# fix break: contig_2:1638074-1638078 0 -0 +0 NoSolution
# fix break: contig_2:1717733-1717738 0 -0 +0 NoSolution
# fix break: contig_2:2012340-2012486 0 -0 +0 NoSolution
# fix break: contig_2:2025821-2025823 0 -0 +0 NoSolution
# fix break: contig_2:2059589-2059612 0 -0 +0 NoSolution
# fix break: contig_2:2063235-2063295 0 -0 +0 NoSolution
# fix break: contig_2:2096319-2096448 0 -0 +0 NoSolution
# fix break: contig_2:2097136-2097458 0 -0 +0 NoSolution
# fix break: contig_2:2106242-2106447 0 -0 +0 NoSolution
# fix break: contig_2:2206298-2206452 0 -0 +0 NoSolution
# fix break: contig_2:2210674-2210821 0 -0 +0 NoSolution
# fix break: contig_2:2212583-2212793 0 -0 +0 NoSolution
# fix break: contig_2:2214281-2214508 0 -0 +0 NoSolution
# fix break: contig_2:2282359-2282598 0 -0 +0 NoSolution
# fix break: contig_2:2385424-2385518 0 -0 +0 NoSolution
# fix break: contig_2:2390985-2391606 0 -0 +0 NoSolution
# fix break: contig_2:2391838-2392712 0 -0 +0 NoSolution
# fix break: contig_2:2477664-2477859 0 -0 +0 NoSolution
# fix break: contig_2:2479131-2479311 0 -0 +0 NoSolution TandemRepeat 5
# fix break: contig_2:2506585-2506861 0 -0 +0 NoSolution
# fix break: contig_2:2508267-2508462 0 -0 +0 NoSolution
# fix break: contig_2:2541578-2541700 0 -0 +0 NoSolution TandemRepeat 8
fix break: contig_2:2549657-2549664 2549657 -95 +97 BreakFix
fix break: contig_2:2555779-2555860 2555795 -74 +76 BreakFix
# fix break: contig_2:2558685-2558693 0 -0 +0 NoSolution
# fix break: contig_2:2614975-2615583 0 -0 +0 NoSolution
fix break: contig_2:2639718-2639753 2639667 -82 +84 BreakFix
fix break: contig_2:2714929-2715052 2714930 -60 +62 BreakFix
# fix break: contig_2:2738201-2738556 0 -0 +0 NoSolution
# fix break: contig_2:2739132-2739263 0 -0 +0 NoSolution
# fix break: contig_2:2768570-2768838 0 -0 +0 NoSolution
# fix break: contig_2:2786381-2786506 0 -0 +0 NoSolution TandemRepeat 136
# fix break: contig_2:2844645-2845022 0 -0 +0 NoSolution
# fix break: contig_2:2983381-2983658 0 -0 +0 NoSolution
# fix break: contig_2:3072738-3073007 0 -0 +0 NoSolution
# fix break: contig_2:3087458-3087826 0 -0 +0 NoSolution
# fix break: contig_2:3088062-3088402 0 -0 +0 NoSolution
# fix break: contig_2:3122741-3123051 0 -0 +0 NoSolution
fix break: contig_2:3235392-3235549 3235422 -29 +31 BreakFix
# fix break: contig_2:3280842-3280964 0 -0 +0 NoSolution
fix break: contig_2:3315875-3315922 3315899 -32 +34 BreakFix
# fix break: contig_2:3317435-3317476 0 -0 +0 NoSolution
# fix break: contig_2:3419363-3419634 0 -0 +0 NoSolution
# fix break: contig_2:3420076-3420290 0 -0 +0 NoSolution
# fix break: contig_2:3514169-3514297 0 -0 +0 NoSolution
# fix break: contig_2:3551877-3552089 0 -0 +0 NoSolution
# fix break: contig_2:3577550-3577742 0 -0 +0 NoSolution
# fix break: contig_2:3683556-3683819 0 -0 +0 NoSolution
# fix break: contig_2:3731418-3732473 0 -0 +0 NoSolution TandemRepeat 431
# fix break: contig_2:3772700-3772956 0 -0 +0 NoSolution
# fix break: contig_2:3832218-3832917 0 -0 +0 NoSolution
# fix break: contig_2:3883398-3883551 0 -0 +0 NoSolution
fix break: contig_2:3887672-3887770 3887701 -85 +88 BreakFix
# fix break: contig_2:3891006-3891151 0 -0 +0 NoSolution
# fix break: contig_2:3942886-3943051 0 -0 +0 NoSolution
fix break: contig_2:3985517-3985542 3985473 -45 +47 BreakFix
# fix break: contig_2:4000145-4000201 0 -0 +0 NoSolution TandemRepeat 241
# fix break: contig_2:4068332-4068747 0 -0 +0 NoSolution
# fix break: contig_2:4072756-4072965 0 -0 +0 NoSolution
# fix break: contig_2:4114282-4114416 0 -0 +0 NoSolution
# fix break: contig_2:4127482-4127675 0 -0 +0 NoSolution
# fix break: contig_2:4141998-4142147 0 -0 +0 NoSolution
# fix break: contig_2:4193468-4193759 0 -0 +0 NoSolution
# fix break: contig_2:4193966-4194302 0 -0 +0 NoSolution
# fix break: contig_2:4211978-4212097 0 -0 +0 NoSolution
# fix break: contig_2:4252937-4253136 0 -0 +0 NoSolution
# fix break: contig_2:4257454-4257735 0 -0 +0 NoSolution
# fix break: contig_2:4258573-4259071 0 -0 +0 NoSolution
# fix break: contig_2:4295266-4295688 0 -0 +0 NoSolution
# fix break: contig_2:4302174-4302487 0 -0 +0 NoSolution
# fix break: contig_2:4314377-4314538 0 -0 +0 NoSolution
# fix break: contig_2:4316742-4317059 0 -0 +0 NoSolution
# fix break: contig_2:4344152-4344317 0 -0 +0 NoSolution
# fix break: contig_2:4364206-4364700 0 -0 +0 NoSolution
fix break: contig_2:4367581 4367581 -25 +27 BreakFix
# fix break: contig_2:4382939-4383317 0 -0 +0 NoSolution
# fix break: contig_2:4416589-4416926 0 -0 +0 NoSolution TandemRepeat 123
# fix break: contig_2:4420743-4421045 0 -0 +0 NoSolution
fix break: contig_2:4423577-4423585 4423591 -16 +18 BreakFix
# fix break: contig_2:4434619-4435065 0 -0 +0 NoSolution
# fix break: contig_2:4456107-4456253 0 -0 +0 NoSolution
# fix break: contig_2:4458475-4458669 0 -0 +0 NoSolution
# fix break: contig_2:4472786-4472790 0 -0 +0 NoSolution
# fix break: contig_2:4474481-4474498 0 -0 +0 NoSolution
# fix break: contig_2:4491741-4491910 0 -0 +0 NoSolution
# fix break: contig_2:4518750-4518927 0 -0 +0 NoSolution
# fix break: contig_2:4643720-4643724 0 -0 +0 NoSolution
# fix break: contig_2:4664326-4664912 0 -0 +0 NoSolution
# fix break: contig_2:4672043-4672260 0 -0 +0 NoSolution
# fix break: contig_2:4679995-4680239 0 -0 +0 NoSolution
fix break: contig_2:4696700-4696888 4696707 -9 +11 BreakFix
# fix break: contig_2:4752738-4752854 0 -0 +0 NoSolution
# fix break: contig_2:4753341-4753401 0 -0 +0 NoSolution
# fix break: contig_2:4753667-4753776 0 -0 +0 NoSolution
# fix break: contig_2:4764479-4764700 0 -0 +0 NoSolution
# fix break: contig_2:4849367-4849704 0 -0 +0 NoSolution
# fix break: contig_2:4978971-4979333 0 -0 +0 NoSolution
# fix break: contig_2:4981233-4981322 0 -0 +0 NoSolution
# fix break: contig_2:4982349-4982467 0 -0 +0 NoSolution
fix break: contig_2:4987044 4987009 -92 +95 BreakFix
# fix break: contig_2:4988193-4988583 0 -0 +0 NoSolution
# fix break: contig_2:5025859-5026056 0 -0 +0 NoSolution
# fix break: contig_2:5030699-5030858 0 -0 +0 NoSolution
# fix break: contig_2:5104807-5105184 0 -0 +0 NoSolution
# fix break: contig_2:5149122-5149431 0 -0 +0 NoSolution
# fix break: contig_2:5241067-5241216 0 -0 +0 NoSolution
# fix break: contig_2:5279551-5279783 0 -0 +0 NoSolution
# fix break: contig_2:5283410-5283656 0 -0 +0 NoSolution
# fix break: contig_2:5297297-5297453 0 -0 +0 NoSolution
fix break: contig_2:5353533-5353693 5353537 -227 +230 BreakFix
# fix break: contig_2:5379469-5380479 0 -0 +0 NoSolution
# fix break: contig_2:5382816-5383077 0 -0 +0 NoSolution
# fix break: contig_2:5445387-5445530 0 -0 +0 NoSolution
# fix break: contig_2:5447035-5447346 0 -0 +0 NoSolution
# fix break: contig_2:5455831-5456089 0 -0 +0 NoSolution
# fix break: contig_2:5467784-5468165 0 -0 +0 NoSolution TandemRepeat 306
# fix break: contig_2:5481965-5482223 0 -0 +0 NoSolution
# fix break: contig_2:5495437-5495503 0 -0 +0 NoSolution
# fix break: contig_2:5501343-5501605 0 -0 +0 NoSolution
# fix break: contig_2:5513550-5513631 0 -0 +0 NoSolution
# fix break: contig_2:5515904-5515960 0 -0 +0 NoSolution
# fix break: contig_2:5518346-5518601 0 -0 +0 NoSolution
# fix break: contig_2:5518859-5519437 0 -0 +0 NoSolution
# fix break: contig_2:5521364-5521531 0 -0 +0 NoSolution
fix break: contig_2:5528541-5528554 5528502 -35 +37 BreakFix
fix break: contig_2:5545571-5545738 5545753 -63 +65 BreakFix
# fix break: contig_2:5565691-5565693 0 -0 +0 NoSolution
# fix break: contig_2:5576430-5576680 0 -0 +0 NoSolution
# fix break: contig_2:5675590-5675779 0 -0 +0 NoSolution TandemRepeat 30
# fix break: contig_2:5754466-5754544 0 -0 +0 NoSolution
# fix break: contig_2:5768196-5768842 0 -0 +0 NoSolution
# fix break: contig_2:5772251-5772461 0 -0 +0 NoSolution
# fix break: contig_2:5774091-5774227 0 -0 +0 NoSolution
# fix break: contig_2:5787478-5787719 0 -0 +0 NoSolution
# fix break: contig_2:5788973-5789088 0 -0 +0 NoSolution
# fix break: contig_2:5791467-5791628 0 -0 +0 NoSolution
# fix break: contig_2:5821025-5821318 0 -0 +0 NoSolution
# fix break: contig_2:5846686-5847006 0 -0 +0 NoSolution
fix break: contig_2:5848429-5848571 5848446 -16 +18 BreakFix
# fix break: contig_2:5848986-5848994 0 -0 +0 NoSolution
# fix break: contig_2:5858396-5858593 0 -0 +0 NoSolution
fix break: contig_2:5880569-5880573 5880550 -14 +16 BreakFix
# fix break: contig_2:5885910-5885923 0 -0 +0 NoSolution
# fix break: contig_2:5910570-5910740 0 -0 +0 NoSolution TandemRepeat 125
# fix break: contig_2:5911216-5911394 0 -0 +0 NoSolution TandemRepeat 125
# fix break: contig_2:5926439-5926511 0 -0 +0 NoSolution
# fix break: contig_2:5933756-5934369 0 -0 +0 NoSolution
# fix break: contig_2:5937408-5937527 0 -0 +0 NoSolution
# fix break: contig_2:5978192-5978388 0 -0 +0 NoSolution
# fix break: contig_2:6028030-6028535 0 -0 +0 NoSolution
# fix break: contig_2:6029094-6031090 0 -0 +0 NoSolution
# fix break: contig_2:6036296-6036505 0 -0 +0 NoSolution
# fix break: contig_2:6067197-6067339 0 -0 +0 NoSolution
fix break: contig_2:6113314-6113568 6113394 -135 +141 BreakFix
# fix break: contig_2:6141920-6141923 0 -0 +0 NoSolution
# fix break: contig_2:6146947-6147020 0 -0 +0 NoSolution
# fix break: contig_2:6152683-6152821 0 -0 +0 NoSolution
# fix break: contig_2:6160543-6160679 0 -0 +0 NoSolution
# fix break: contig_2:6249178-6249264 0 -0 +0 NoSolution
# fix break: contig_2:6269177-6269186 0 -0 +0 NoSolution
# fix break: contig_2:6285592-6285843 0 -0 +0 NoSolution
# fix break: contig_2:6292085-6292168 0 -0 +0 NoSolution
# fix break: contig_2:6297912-6298082 0 -0 +0 NoSolution
fix break: contig_2:6362315-6362487 6362417 -58 +60 BreakFix
# fix break: contig_2:6389882-6390018 0 -0 +0 NoSolution
# fix break: contig_2:6429771-6429955 0 -0 +0 NoSolution
# fix break: contig_2:6442942-6443239 0 -0 +0 NoSolution
# fix break: contig_2:6449088-6449264 0 -0 +0 NoSolution
# fix break: contig_2:6503004-6503237 0 -0 +0 NoSolution
# fix break: contig_2:6517963-6518231 0 -0 +0 NoSolution
fix break: contig_2:6624626-6624743 6624626 -193 +195 BreakFix
# fix break: contig_2:6698049-6698136 0 -0 +0 NoSolution
fix break: contig_2:6699163-6699164 6699170 -36 +38 BreakFix
# fix break: contig_2:6806270-6806480 0 -0 +0 NoSolution
# fix break: contig_2:6810156-6810310 0 -0 +0 NoSolution
fix break: contig_2:6812670-6812677 6812577 -71 +73 BreakFix
# fix break: contig_2:6813313-6813573 0 -0 +0 NoSolution
# fix break: contig_2:6820164-6820190 0 -0 +0 NoSolution
fix break: contig_2:6820413-6820574 6820413 -131 +133 BreakFix
fix break: contig_2:6824065-6824219 6824044 -46 +49 BreakFix
# fix break: contig_2:6938336-6938756 0 -0 +0 NoSolution
# fix break: contig_2:6944261-6944458 0 -0 +0 NoSolution
# fix break: contig_2:6983551-6983627 0 -0 +0 NoSolution
# fix break: contig_2:7020763-7021269 0 -0 +0 NoSolution
# fix break: contig_2:7023769-7024243 0 -0 +0 NoSolution
# fix break: contig_2:7026963-7027163 0 -0 +0 NoSolution
# fix break: contig_2:7075638-7076445 0 -0 +0 NoSolution
# fix break: contig_2:7102761-7103080 0 -0 +0 NoSolution
fix break: contig_2:7107783-7107932 7107821 -112 +114 BreakFix
# fix break: contig_2:7132904-7133124 0 -0 +0 NoSolution
# fix break: contig_2:7134444-7134750 0 -0 +0 NoSolution
# fix break: contig_2:7146074-7146098 0 -0 +0 NoSolution TandemRepeat 122
# fix break: contig_2:7156326-7156477 0 -0 +0 NoSolution
# fix break: contig_2:7220476-7220572 0 -0 +0 NoSolution
fix break: contig_2:7238250-7238392 7238398 -14 +17 BreakFix
# fix break: contig_2:7319491-7320042 0 -0 +0 NoSolution TandemRepeat 567
# fix break: contig_2:7348314-7348321 0 -0 +0 NoSolution TandemRepeat 160
# fix break: contig_2:7561576-7561750 0 -0 +0 NoSolution
# fix break: contig_2:7590026-7590488 0 -0 +0 NoSolution
# fix break: contig_2:7633279-7633652 0 -0 +0 NoSolution
# fix break: contig_2:7635625-7635837 0 -0 +0 NoSolution
# fix break: contig_2:7667675-7667737 0 -0 +0 NoSolution
# fix break: contig_2:7670120-7670350 0 -0 +0 NoSolution
# fix break: contig_2:7721945-7722176 0 -0 +0 NoSolution
# fix break: contig_2:7729623-7729705 0 -0 +0 NoSolution TandemRepeat 9
fix break: contig_2:7753348-7753492 7753284 -280 +282 BreakFix
fix break: contig_2:7813171-7813260 7813157 -170 +172 BreakFix
fix break: contig_2:7813532-7813541 7813538 -97 +99 BreakFix
# fix break: contig_2:7859625-7859772 0 -0 +0 NoSolution
# fix break: contig_2:7889411-7889538 0 -0 +0 NoSolution TandemRepeat 191
# fix break: contig_2:7906374-7906552 0 -0 +0 NoSolution
# fix break: contig_2:7906953-7907080 0 -0 +0 NoSolution
# fix break: contig_2:7959556-7959607 0 -0 +0 NoSolution TandemRepeat 168
# fix break: contig_2:8019241-8019472 0 -0 +0 NoSolution
# fix break: contig_2:8255828-8255945 0 -0 +0 NoSolution
fix break: contig_2:8287940-8288039 8288027 -13 +15 BreakFix
# fix break: contig_2:8290971-8291253 0 -0 +0 NoSolution
# fix break: contig_2:8454298-8454304 0 -0 +0 NoSolution
# fix break: contig_2:8454535-8454574 0 -0 +0 NoSolution
# fix break: contig_2:8468278-8468287 0 -0 +0 NoSolution
# fix break: contig_2:8486632-8486818 0 -0 +0 NoSolution
# fix break: contig_2:8537812-8538070 0 -0 +0 NoSolution
# fix break: contig_2:8543463-8543721 0 -0 +0 NoSolution
# fix break: contig_2:8619951-8620163 0 -0 +0 NoSolution
# fix break: contig_2:8749235-8749404 0 -0 +0 NoSolution
# fix break: contig_2:8757340-8757544 0 -0 +0 NoSolution
# fix break: contig_2:8779795-8780102 0 -0 +0 NoSolution
# fix break: contig_2:8829279-8829381 0 -0 +0 NoSolution
# fix break: contig_2:8857934-8858170 0 -0 +0 NoSolution
fix break: contig_2:9139128-9139312 9139078 -221 +225 BreakFix
fix break: contig_2:9264854-9264911 9264877 -29 +31 BreakFix
# fix break: contig_2:9347279-9347344 0 -0 +0 NoSolution
# fix break: contig_2:9348309-9348370 0 -0 +0 NoSolution
contig_2:1-9355271 log:
Finished processing contig_2:1-9355271
Processing contig_3:1-292402
unpaired unpaired_R7.sorted.bam: coverage 63
frags paired_R7.sorted.bam: coverage 0
Total Reads: 68561, Coverage: 63, minDepth: 6
Confirmed 291804 of 292402 bases (99.80%)
Corrected 1 snps; 0 ambiguous bases; corrected 158 small insertions totaling 165 bases, 1 small deletions totaling 1 bases
# Attempting to fix local continuity breaks
# fix break: contig_3:63931-64104 0 -0 +0 NoSolution
# fix break: contig_3:134872-135199 0 -0 +0 NoSolution
# fix break: contig_3:243111-243146 0 -0 +0 NoSolution
contig_3:1-292402 log:
Finished processing contig_3:1-292402
Writing contig_2:1-9355271 VCF to pilon_polished_R7.vcf
Writing contig_2:1-9355271 changes to pilon_polished_R7.changes
Writing updated contig_2_pilon to pilon_polished_R7.fasta
Writing contig_3:1-292402 VCF to pilon_polished_R7.vcf
Writing contig_3:1-292402 changes to pilon_polished_R7.changes
Writing updated contig_3_pilon to pilon_polished_R7.fasta
Mean unpaired coverage: 38
Mean frags coverage: 0
Mean total coverage: 38
