Usage: java -jar $PILON_HOME/pilon.jar other-options...
[bwa_index] Pack FASTA... 0.07 sec
[bwa_index] Construct BWT for the packed sequence...
[bwa_index] 3.68 seconds elapse.
[bwa_index] Update BWT... 0.05 sec
[bwa_index] Pack forward-only FASTA... 0.05 sec
[bwa_index] Construct SA from BWT and Occ... 1.19 sec
[main] Version: 0.7.18-r1243-dirty
[main] CMD: bwa index assembly_HP126.fasta
[main] Real time: 5.451 sec; CPU: 5.050 sec
[M::bwa_idx_load_from_disk] read 0 ALT contigs
[M::process] read 68694 sequences (20000506 bp)...
[M::process] read 68524 sequences (20000335 bp)...
[M::mem_pestat] # candidate unique pairs for (FF, FR, RF, RR): (1, 33781, 0, 0)
[M::mem_pestat] skip orientation FF as there are not enough pairs
[M::mem_pestat] analyzing insert size distribution for orientation FR...
[M::mem_pestat] (25, 50, 75) percentile: (353, 404, 466)
[M::mem_pestat] low and high boundaries for computing mean and std.dev: (127, 692)
[M::mem_pestat] mean and std.dev: (411.10, 88.11)
[M::mem_pestat] low and high boundaries for proper pairs: (14, 805)
[M::mem_pestat] skip orientation RF as there are not enough pairs
[M::mem_pestat] skip orientation RR as there are not enough pairs
[M::mem_process_seqs] Processed 68694 reads in 14.617 CPU sec, 7.145 real sec
[M::process] read 68414 sequences (20000462 bp)...
[M::mem_pestat] # candidate unique pairs for (FF, FR, RF, RR): (1, 33709, 0, 0)
[M::mem_pestat] skip orientation FF as there are not enough pairs
[M::mem_pestat] analyzing insert size distribution for orientation FR...
[M::mem_pestat] (25, 50, 75) percentile: (351, 404, 466)
[M::mem_pestat] low and high boundaries for computing mean and std.dev: (121, 696)
[M::mem_pestat] mean and std.dev: (410.59, 88.93)
[M::mem_pestat] low and high boundaries for proper pairs: (6, 811)
[M::mem_pestat] skip orientation RF as there are not enough pairs
[M::mem_pestat] skip orientation RR as there are not enough pairs
[M::mem_process_seqs] Processed 68524 reads in 13.668 CPU sec, 6.645 real sec
[M::process] read 68428 sequences (20000015 bp)...
[M::mem_pestat] # candidate unique pairs for (FF, FR, RF, RR): (1, 33619, 0, 0)
[M::mem_pestat] skip orientation FF as there are not enough pairs
[M::mem_pestat] analyzing insert size distribution for orientation FR...
[M::mem_pestat] (25, 50, 75) percentile: (352, 406, 469)
[M::mem_pestat] low and high boundaries for computing mean and std.dev: (118, 703)
[M::mem_pestat] mean and std.dev: (412.70, 88.78)
[M::mem_pestat] low and high boundaries for proper pairs: (1, 820)
[M::mem_pestat] skip orientation RF as there are not enough pairs
[M::mem_pestat] skip orientation RR as there are not enough pairs
[M::mem_process_seqs] Processed 68414 reads in 14.181 CPU sec, 7.101 real sec
[M::process] read 68442 sequences (20000144 bp)...
[M::mem_pestat] # candidate unique pairs for (FF, FR, RF, RR): (1, 33580, 0, 0)
[M::mem_pestat] skip orientation FF as there are not enough pairs
[M::mem_pestat] analyzing insert size distribution for orientation FR...
[M::mem_pestat] (25, 50, 75) percentile: (353, 406, 469)
[M::mem_pestat] low and high boundaries for computing mean and std.dev: (121, 701)
[M::mem_pestat] mean and std.dev: (412.38, 88.34)
[M::mem_pestat] low and high boundaries for proper pairs: (5, 817)
[M::mem_pestat] skip orientation RF as there are not enough pairs
[M::mem_pestat] skip orientation RR as there are not enough pairs
[M::mem_process_seqs] Processed 68428 reads in 14.507 CPU sec, 7.037 real sec
[M::process] read 68496 sequences (20000460 bp)...
[M::mem_pestat] # candidate unique pairs for (FF, FR, RF, RR): (1, 33653, 0, 0)
[M::mem_pestat] skip orientation FF as there are not enough pairs
[M::mem_pestat] analyzing insert size distribution for orientation FR...
[M::mem_pestat] (25, 50, 75) percentile: (353, 407, 469)
[M::mem_pestat] low and high boundaries for computing mean and std.dev: (121, 701)
[M::mem_pestat] mean and std.dev: (413.07, 89.08)
[M::mem_pestat] low and high boundaries for proper pairs: (5, 817)
[M::mem_pestat] skip orientation RF as there are not enough pairs
[M::mem_pestat] skip orientation RR as there are not enough pairs
[M::mem_process_seqs] Processed 68442 reads in 14.009 CPU sec, 6.807 real sec
[M::process] read 68652 sequences (20000164 bp)...
[M::mem_pestat] # candidate unique pairs for (FF, FR, RF, RR): (3, 33618, 0, 0)
[M::mem_pestat] skip orientation FF as there are not enough pairs
[M::mem_pestat] analyzing insert size distribution for orientation FR...
[M::mem_pestat] (25, 50, 75) percentile: (353, 405, 468)
[M::mem_pestat] low and high boundaries for computing mean and std.dev: (123, 698)
[M::mem_pestat] mean and std.dev: (412.58, 88.60)
[M::mem_pestat] low and high boundaries for proper pairs: (8, 813)
[M::mem_pestat] skip orientation RF as there are not enough pairs
[M::mem_pestat] skip orientation RR as there are not enough pairs
[M::mem_process_seqs] Processed 68496 reads in 14.446 CPU sec, 7.040 real sec
[M::process] read 68508 sequences (20000393 bp)...
[M::mem_pestat] # candidate unique pairs for (FF, FR, RF, RR): (0, 33669, 0, 0)
[M::mem_pestat] skip orientation FF as there are not enough pairs
[M::mem_pestat] analyzing insert size distribution for orientation FR...
[M::mem_pestat] (25, 50, 75) percentile: (353, 406, 468)
[M::mem_pestat] low and high boundaries for computing mean and std.dev: (123, 698)
[M::mem_pestat] mean and std.dev: (412.82, 88.38)
[M::mem_pestat] low and high boundaries for proper pairs: (8, 813)
[M::mem_pestat] skip orientation RF as there are not enough pairs
[M::mem_pestat] skip orientation RR as there are not enough pairs
[M::mem_process_seqs] Processed 68652 reads in 14.928 CPU sec, 7.260 real sec
[M::process] read 68506 sequences (20000353 bp)...
[M::mem_pestat] # candidate unique pairs for (FF, FR, RF, RR): (0, 33672, 0, 0)
[M::mem_pestat] skip orientation FF as there are not enough pairs
[M::mem_pestat] analyzing insert size distribution for orientation FR...
[M::mem_pestat] (25, 50, 75) percentile: (353, 404, 468)
[M::mem_pestat] low and high boundaries for computing mean and std.dev: (123, 698)
[M::mem_pestat] mean and std.dev: (411.84, 88.31)
[M::mem_pestat] low and high boundaries for proper pairs: (8, 813)
[M::mem_pestat] skip orientation RF as there are not enough pairs
[M::mem_pestat] skip orientation RR as there are not enough pairs
[M::mem_process_seqs] Processed 68508 reads in 14.288 CPU sec, 6.958 real sec
[M::process] read 68556 sequences (20000116 bp)...
[M::mem_pestat] # candidate unique pairs for (FF, FR, RF, RR): (0, 33642, 0, 0)
[M::mem_pestat] skip orientation FF as there are not enough pairs
[M::mem_pestat] analyzing insert size distribution for orientation FR...
[M::mem_pestat] (25, 50, 75) percentile: (353, 405, 468)
[M::mem_pestat] low and high boundaries for computing mean and std.dev: (123, 698)
[M::mem_pestat] mean and std.dev: (412.50, 89.04)
[M::mem_pestat] low and high boundaries for proper pairs: (8, 813)
[M::mem_pestat] skip orientation RF as there are not enough pairs
[M::mem_pestat] skip orientation RR as there are not enough pairs
[M::mem_process_seqs] Processed 68506 reads in 14.464 CPU sec, 7.042 real sec
[M::process] read 68482 sequences (20000030 bp)...
[M::mem_pestat] # candidate unique pairs for (FF, FR, RF, RR): (1, 33642, 0, 0)
[M::mem_pestat] skip orientation FF as there are not enough pairs
[M::mem_pestat] analyzing insert size distribution for orientation FR...
[M::mem_pestat] (25, 50, 75) percentile: (351, 404, 467)
[M::mem_pestat] low and high boundaries for computing mean and std.dev: (119, 699)
[M::mem_pestat] mean and std.dev: (410.81, 88.38)
[M::mem_pestat] low and high boundaries for proper pairs: (3, 815)
[M::mem_pestat] skip orientation RF as there are not enough pairs
[M::mem_pestat] skip orientation RR as there are not enough pairs
[M::mem_process_seqs] Processed 68556 reads in 14.650 CPU sec, 7.103 real sec
[M::process] read 68468 sequences (20000200 bp)...
[M::mem_pestat] # candidate unique pairs for (FF, FR, RF, RR): (0, 33676, 0, 0)
[M::mem_pestat] skip orientation FF as there are not enough pairs
[M::mem_pestat] analyzing insert size distribution for orientation FR...
[M::mem_pestat] (25, 50, 75) percentile: (351, 404, 467)
[M::mem_pestat] low and high boundaries for computing mean and std.dev: (119, 699)
[M::mem_pestat] mean and std.dev: (411.24, 88.35)
[M::mem_pestat] low and high boundaries for proper pairs: (3, 815)
[M::mem_pestat] skip orientation RF as there are not enough pairs
[M::mem_pestat] skip orientation RR as there are not enough pairs
[M::mem_process_seqs] Processed 68482 reads in 14.511 CPU sec, 7.046 real sec
[M::process] read 68604 sequences (20000321 bp)...
[M::mem_pestat] # candidate unique pairs for (FF, FR, RF, RR): (0, 33647, 0, 0)
[M::mem_pestat] skip orientation FF as there are not enough pairs
[M::mem_pestat] analyzing insert size distribution for orientation FR...
[M::mem_pestat] (25, 50, 75) percentile: (353, 406, 468)
[M::mem_pestat] low and high boundaries for computing mean and std.dev: (123, 698)
[M::mem_pestat] mean and std.dev: (412.87, 88.29)
[M::mem_pestat] low and high boundaries for proper pairs: (8, 813)
[M::mem_pestat] skip orientation RF as there are not enough pairs
[M::mem_pestat] skip orientation RR as there are not enough pairs
[M::mem_process_seqs] Processed 68468 reads in 14.622 CPU sec, 7.108 real sec
[M::process] read 68492 sequences (20000184 bp)...
[M::mem_pestat] # candidate unique pairs for (FF, FR, RF, RR): (1, 33698, 0, 0)
[M::mem_pestat] skip orientation FF as there are not enough pairs
[M::mem_pestat] analyzing insert size distribution for orientation FR...
[M::mem_pestat] (25, 50, 75) percentile: (355, 406, 467)
[M::mem_pestat] low and high boundaries for computing mean and std.dev: (131, 691)
[M::mem_pestat] mean and std.dev: (413.23, 86.45)
[M::mem_pestat] low and high boundaries for proper pairs: (19, 803)
[M::mem_pestat] skip orientation RF as there are not enough pairs
[M::mem_pestat] skip orientation RR as there are not enough pairs
[M::mem_process_seqs] Processed 68604 reads in 16.416 CPU sec, 7.993 real sec
[M::process] read 68434 sequences (20000496 bp)...
[M::mem_pestat] # candidate unique pairs for (FF, FR, RF, RR): (0, 33658, 0, 0)
[M::mem_pestat] skip orientation FF as there are not enough pairs
[M::mem_pestat] analyzing insert size distribution for orientation FR...
[M::mem_pestat] (25, 50, 75) percentile: (352, 406, 469)
[M::mem_pestat] low and high boundaries for computing mean and std.dev: (118, 703)
[M::mem_pestat] mean and std.dev: (412.85, 89.46)
[M::mem_pestat] low and high boundaries for proper pairs: (1, 820)
[M::mem_pestat] skip orientation RF as there are not enough pairs
[M::mem_pestat] skip orientation RR as there are not enough pairs
[M::mem_process_seqs] Processed 68492 reads in 14.476 CPU sec, 7.037 real sec
[M::process] read 68358 sequences (20000434 bp)...
[M::mem_pestat] # candidate unique pairs for (FF, FR, RF, RR): (0, 33608, 0, 0)
[M::mem_pestat] skip orientation FF as there are not enough pairs
[M::mem_pestat] analyzing insert size distribution for orientation FR...
[M::mem_pestat] (25, 50, 75) percentile: (354, 408, 470)
[M::mem_pestat] low and high boundaries for computing mean and std.dev: (122, 702)
[M::mem_pestat] mean and std.dev: (414.20, 88.89)
[M::mem_pestat] low and high boundaries for proper pairs: (6, 818)
[M::mem_pestat] skip orientation RF as there are not enough pairs
[M::mem_pestat] skip orientation RR as there are not enough pairs
[M::mem_process_seqs] Processed 68434 reads in 14.534 CPU sec, 7.067 real sec
[M::process] read 68390 sequences (20000549 bp)...
[M::mem_pestat] # candidate unique pairs for (FF, FR, RF, RR): (1, 33650, 0, 0)
[M::mem_pestat] skip orientation FF as there are not enough pairs
[M::mem_pestat] analyzing insert size distribution for orientation FR...
[M::mem_pestat] (25, 50, 75) percentile: (351, 405, 467)
[M::mem_pestat] low and high boundaries for computing mean and std.dev: (119, 699)
[M::mem_pestat] mean and std.dev: (411.54, 89.21)
[M::mem_pestat] low and high boundaries for proper pairs: (3, 815)
[M::mem_pestat] skip orientation RF as there are not enough pairs
[M::mem_pestat] skip orientation RR as there are not enough pairs
[M::mem_process_seqs] Processed 68358 reads in 13.553 CPU sec, 6.576 real sec
[M::process] read 68442 sequences (20000407 bp)...
[M::mem_pestat] # candidate unique pairs for (FF, FR, RF, RR): (1, 33643, 0, 0)
[M::mem_pestat] skip orientation FF as there are not enough pairs
[M::mem_pestat] analyzing insert size distribution for orientation FR...
[M::mem_pestat] (25, 50, 75) percentile: (351, 404, 468)
[M::mem_pestat] low and high boundaries for computing mean and std.dev: (117, 702)
[M::mem_pestat] mean and std.dev: (411.71, 89.11)
[M::mem_pestat] low and high boundaries for proper pairs: (1, 819)
[M::mem_pestat] skip orientation RF as there are not enough pairs
[M::mem_pestat] skip orientation RR as there are not enough pairs
[M::mem_process_seqs] Processed 68390 reads in 13.619 CPU sec, 6.608 real sec
[M::process] read 68420 sequences (20000365 bp)...
[M::mem_pestat] # candidate unique pairs for (FF, FR, RF, RR): (0, 33653, 0, 0)
[M::mem_pestat] skip orientation FF as there are not enough pairs
[M::mem_pestat] analyzing insert size distribution for orientation FR...
[M::mem_pestat] (25, 50, 75) percentile: (351, 404, 464)
[M::mem_pestat] low and high boundaries for computing mean and std.dev: (125, 690)
[M::mem_pestat] mean and std.dev: (409.92, 87.61)
[M::mem_pestat] low and high boundaries for proper pairs: (12, 803)
[M::mem_pestat] skip orientation RF as there are not enough pairs
[M::mem_pestat] skip orientation RR as there are not enough pairs
[M::mem_process_seqs] Processed 68442 reads in 13.313 CPU sec, 6.452 real sec
[M::process] read 68458 sequences (20000493 bp)...
[M::mem_pestat] # candidate unique pairs for (FF, FR, RF, RR): (2, 33659, 0, 0)
[M::mem_pestat] skip orientation FF as there are not enough pairs
[M::mem_pestat] analyzing insert size distribution for orientation FR...
[M::mem_pestat] (25, 50, 75) percentile: (350, 403, 466)
[M::mem_pestat] low and high boundaries for computing mean and std.dev: (118, 698)
[M::mem_pestat] mean and std.dev: (409.38, 89.93)
[M::mem_pestat] low and high boundaries for proper pairs: (2, 814)
[M::mem_pestat] skip orientation RF as there are not enough pairs
[M::mem_pestat] skip orientation RR as there are not enough pairs
[M::mem_process_seqs] Processed 68420 reads in 12.921 CPU sec, 6.241 real sec
[M::process] read 68484 sequences (20000402 bp)...
[M::mem_pestat] # candidate unique pairs for (FF, FR, RF, RR): (0, 33689, 0, 0)
[M::mem_pestat] skip orientation FF as there are not enough pairs
[M::mem_pestat] analyzing insert size distribution for orientation FR...
[M::mem_pestat] (25, 50, 75) percentile: (351, 405, 467)
[M::mem_pestat] low and high boundaries for computing mean and std.dev: (119, 699)
[M::mem_pestat] mean and std.dev: (410.83, 89.49)
[M::mem_pestat] low and high boundaries for proper pairs: (3, 815)
[M::mem_pestat] skip orientation RF as there are not enough pairs
[M::mem_pestat] skip orientation RR as there are not enough pairs
[M::mem_process_seqs] Processed 68458 reads in 13.326 CPU sec, 6.455 real sec
[M::process] read 68490 sequences (20000178 bp)...
[M::mem_pestat] # candidate unique pairs for (FF, FR, RF, RR): (1, 33693, 0, 0)
[M::mem_pestat] skip orientation FF as there are not enough pairs
[M::mem_pestat] analyzing insert size distribution for orientation FR...
[M::mem_pestat] (25, 50, 75) percentile: (350, 404, 466)
[M::mem_pestat] low and high boundaries for computing mean and std.dev: (118, 698)
[M::mem_pestat] mean and std.dev: (409.58, 89.19)
[M::mem_pestat] low and high boundaries for proper pairs: (2, 814)
[M::mem_pestat] skip orientation RF as there are not enough pairs
[M::mem_pestat] skip orientation RR as there are not enough pairs
[M::mem_process_seqs] Processed 68484 reads in 13.597 CPU sec, 6.581 real sec
[M::process] read 68460 sequences (20000288 bp)...
[M::mem_pestat] # candidate unique pairs for (FF, FR, RF, RR): (1, 33684, 0, 0)
[M::mem_pestat] skip orientation FF as there are not enough pairs
[M::mem_pestat] analyzing insert size distribution for orientation FR...
[M::mem_pestat] (25, 50, 75) percentile: (351, 404, 467)
[M::mem_pestat] low and high boundaries for computing mean and std.dev: (119, 699)
[M::mem_pestat] mean and std.dev: (410.37, 89.47)
[M::mem_pestat] low and high boundaries for proper pairs: (3, 815)
[M::mem_pestat] skip orientation RF as there are not enough pairs
[M::mem_pestat] skip orientation RR as there are not enough pairs
[M::mem_process_seqs] Processed 68490 reads in 13.527 CPU sec, 6.547 real sec
[M::process] read 68450 sequences (20000350 bp)...
[M::mem_pestat] # candidate unique pairs for (FF, FR, RF, RR): (0, 33700, 0, 0)
[M::mem_pestat] skip orientation FF as there are not enough pairs
[M::mem_pestat] analyzing insert size distribution for orientation FR...
[M::mem_pestat] (25, 50, 75) percentile: (350, 403, 468)
[M::mem_pestat] low and high boundaries for computing mean and std.dev: (114, 704)
[M::mem_pestat] mean and std.dev: (410.78, 90.13)
[M::mem_pestat] low and high boundaries for proper pairs: (1, 822)
[M::mem_pestat] skip orientation RF as there are not enough pairs
[M::mem_pestat] skip orientation RR as there are not enough pairs
[M::mem_process_seqs] Processed 68460 reads in 13.637 CPU sec, 6.599 real sec
[M::process] read 68462 sequences (20000151 bp)...
[M::mem_pestat] # candidate unique pairs for (FF, FR, RF, RR): (1, 33706, 0, 0)
[M::mem_pestat] skip orientation FF as there are not enough pairs
[M::mem_pestat] analyzing insert size distribution for orientation FR...
[M::mem_pestat] (25, 50, 75) percentile: (351, 403, 466)
[M::mem_pestat] low and high boundaries for computing mean and std.dev: (121, 696)
[M::mem_pestat] mean and std.dev: (410.11, 89.03)
[M::mem_pestat] low and high boundaries for proper pairs: (6, 811)
[M::mem_pestat] skip orientation RF as there are not enough pairs
[M::mem_pestat] skip orientation RR as there are not enough pairs
[M::mem_process_seqs] Processed 68450 reads in 13.405 CPU sec, 6.500 real sec
[M::process] read 68434 sequences (20000586 bp)...
[M::mem_pestat] # candidate unique pairs for (FF, FR, RF, RR): (0, 33670, 0, 0)
[M::mem_pestat] skip orientation FF as there are not enough pairs
[M::mem_pestat] analyzing insert size distribution for orientation FR...
[M::mem_pestat] (25, 50, 75) percentile: (350, 404, 466)
[M::mem_pestat] low and high boundaries for computing mean and std.dev: (118, 698)
[M::mem_pestat] mean and std.dev: (410.05, 89.77)
[M::mem_pestat] low and high boundaries for proper pairs: (2, 814)
[M::mem_pestat] skip orientation RF as there are not enough pairs
[M::mem_pestat] skip orientation RR as there are not enough pairs
[M::mem_process_seqs] Processed 68462 reads in 13.423 CPU sec, 6.494 real sec
[M::process] read 68454 sequences (20000053 bp)...
[M::mem_pestat] # candidate unique pairs for (FF, FR, RF, RR): (0, 33660, 0, 0)
[M::mem_pestat] skip orientation FF as there are not enough pairs
[M::mem_pestat] analyzing insert size distribution for orientation FR...
[M::mem_pestat] (25, 50, 75) percentile: (351, 403, 466)
[M::mem_pestat] low and high boundaries for computing mean and std.dev: (121, 696)
[M::mem_pestat] mean and std.dev: (409.87, 89.27)
[M::mem_pestat] low and high boundaries for proper pairs: (6, 811)
[M::mem_pestat] skip orientation RF as there are not enough pairs
[M::mem_pestat] skip orientation RR as there are not enough pairs
[M::mem_process_seqs] Processed 68434 reads in 13.458 CPU sec, 6.524 real sec
[M::process] read 68572 sequences (20000519 bp)...
[M::mem_pestat] # candidate unique pairs for (FF, FR, RF, RR): (0, 33662, 0, 0)
[M::mem_pestat] skip orientation FF as there are not enough pairs
[M::mem_pestat] analyzing insert size distribution for orientation FR...
[M::mem_pestat] (25, 50, 75) percentile: (350, 402, 466)
[M::mem_pestat] low and high boundaries for computing mean and std.dev: (118, 698)
[M::mem_pestat] mean and std.dev: (409.50, 88.85)
[M::mem_pestat] low and high boundaries for proper pairs: (2, 814)
[M::mem_pestat] skip orientation RF as there are not enough pairs
[M::mem_pestat] skip orientation RR as there are not enough pairs
[M::mem_process_seqs] Processed 68454 reads in 13.667 CPU sec, 6.614 real sec
[M::process] read 68492 sequences (20000099 bp)...
[M::mem_pestat] # candidate unique pairs for (FF, FR, RF, RR): (0, 33743, 0, 0)
[M::mem_pestat] skip orientation FF as there are not enough pairs
[M::mem_pestat] analyzing insert size distribution for orientation FR...
[M::mem_pestat] (25, 50, 75) percentile: (352, 404, 465)
[M::mem_pestat] low and high boundaries for computing mean and std.dev: (126, 691)
[M::mem_pestat] mean and std.dev: (410.57, 88.08)
[M::mem_pestat] low and high boundaries for proper pairs: (13, 804)
[M::mem_pestat] skip orientation RF as there are not enough pairs
[M::mem_pestat] skip orientation RR as there are not enough pairs
[M::mem_process_seqs] Processed 68572 reads in 13.965 CPU sec, 6.794 real sec
[M::process] read 68412 sequences (20000008 bp)...
[M::mem_pestat] # candidate unique pairs for (FF, FR, RF, RR): (2, 33679, 0, 0)
[M::mem_pestat] skip orientation FF as there are not enough pairs
[M::mem_pestat] analyzing insert size distribution for orientation FR...
[M::mem_pestat] (25, 50, 75) percentile: (350, 403, 467)
[M::mem_pestat] low and high boundaries for computing mean and std.dev: (116, 701)
[M::mem_pestat] mean and std.dev: (410.22, 89.24)
[M::mem_pestat] low and high boundaries for proper pairs: (1, 818)
[M::mem_pestat] skip orientation RF as there are not enough pairs
[M::mem_pestat] skip orientation RR as there are not enough pairs
[M::mem_process_seqs] Processed 68492 reads in 14.178 CPU sec, 6.871 real sec
[M::process] read 68374 sequences (20000327 bp)...
[M::mem_pestat] # candidate unique pairs for (FF, FR, RF, RR): (0, 33601, 0, 0)
[M::mem_pestat] skip orientation FF as there are not enough pairs
[M::mem_pestat] analyzing insert size distribution for orientation FR...
[M::mem_pestat] (25, 50, 75) percentile: (351, 404, 467)
[M::mem_pestat] low and high boundaries for computing mean and std.dev: (119, 699)
[M::mem_pestat] mean and std.dev: (410.49, 88.97)
[M::mem_pestat] low and high boundaries for proper pairs: (3, 815)
[M::mem_pestat] skip orientation RF as there are not enough pairs
[M::mem_pestat] skip orientation RR as there are not enough pairs
[M::mem_process_seqs] Processed 68412 reads in 13.622 CPU sec, 6.594 real sec
[M::process] read 68414 sequences (20000206 bp)...
[M::mem_pestat] # candidate unique pairs for (FF, FR, RF, RR): (0, 33660, 0, 0)
[M::mem_pestat] skip orientation FF as there are not enough pairs
[M::mem_pestat] analyzing insert size distribution for orientation FR...
[M::mem_pestat] (25, 50, 75) percentile: (350, 404, 466)
[M::mem_pestat] low and high boundaries for computing mean and std.dev: (118, 698)
[M::mem_pestat] mean and std.dev: (409.43, 88.99)
[M::mem_pestat] low and high boundaries for proper pairs: (2, 814)
[M::mem_pestat] skip orientation RF as there are not enough pairs
[M::mem_pestat] skip orientation RR as there are not enough pairs
[M::mem_process_seqs] Processed 68374 reads in 12.928 CPU sec, 6.242 real sec
[M::process] read 68414 sequences (20000229 bp)...
[M::mem_pestat] # candidate unique pairs for (FF, FR, RF, RR): (0, 33599, 0, 0)
[M::mem_pestat] skip orientation FF as there are not enough pairs
[M::mem_pestat] analyzing insert size distribution for orientation FR...
[M::mem_pestat] (25, 50, 75) percentile: (352, 406, 469)
[M::mem_pestat] low and high boundaries for computing mean and std.dev: (118, 703)
[M::mem_pestat] mean and std.dev: (412.50, 89.85)
[M::mem_pestat] low and high boundaries for proper pairs: (1, 820)
[M::mem_pestat] skip orientation RF as there are not enough pairs
[M::mem_pestat] skip orientation RR as there are not enough pairs
[M::mem_process_seqs] Processed 68414 reads in 13.701 CPU sec, 6.643 real sec
[M::process] read 22932 sequences (6717049 bp)...
[M::mem_pestat] # candidate unique pairs for (FF, FR, RF, RR): (3, 33527, 0, 1)
[M::mem_pestat] skip orientation FF as there are not enough pairs
[M::mem_pestat] analyzing insert size distribution for orientation FR...
[M::mem_pestat] (25, 50, 75) percentile: (354, 407, 469)
[M::mem_pestat] low and high boundaries for computing mean and std.dev: (124, 699)
[M::mem_pestat] mean and std.dev: (413.77, 87.98)
[M::mem_pestat] low and high boundaries for proper pairs: (9, 814)
[M::mem_pestat] skip orientation RF as there are not enough pairs
[M::mem_pestat] skip orientation RR as there are not enough pairs
[M::mem_process_seqs] Processed 68414 reads in 14.428 CPU sec, 7.121 real sec
[M::mem_pestat] # candidate unique pairs for (FF, FR, RF, RR): (0, 11253, 0, 0)
[M::mem_pestat] skip orientation FF as there are not enough pairs
[M::mem_pestat] analyzing insert size distribution for orientation FR...
[M::mem_pestat] (25, 50, 75) percentile: (353, 407, 471)
[M::mem_pestat] low and high boundaries for computing mean and std.dev: (117, 707)
[M::mem_pestat] mean and std.dev: (413.81, 88.83)
[M::mem_pestat] low and high boundaries for proper pairs: (1, 825)
[M::mem_pestat] skip orientation RF as there are not enough pairs
[M::mem_pestat] skip orientation RR as there are not enough pairs
[M::mem_process_seqs] Processed 22932 reads in 4.839 CPU sec, 2.358 real sec
[main] Version: 0.7.18-r1243-dirty
[main] CMD: bwa mem -v 3 -t 2 assembly_HP126.fasta SRR24413065_1_trimmed.fastq.gz SRR24413065_2_trimmed.fastq.gz
[main] Real time: 228.131 sec; CPU: 467.848 sec
[M::bwa_idx_load_from_disk] read 0 ALT contigs
[M::process] read 40971 sequences (11170013 bp)...
[M::mem_process_seqs] Processed 40971 reads in 5.963 CPU sec, 1.498 real sec
[main] Version: 0.7.18-r1243-dirty
[main] CMD: bwa mem -v 3 -t 4 assembly_HP126.fasta SRR24413065_1_unpaired.trimmed.fastq.gz
[main] Real time: 1.907 sec; CPU: 6.229 sec
[M::bwa_idx_load_from_disk] read 0 ALT contigs
[M::process] read 37 sequences (9421 bp)...
[M::mem_process_seqs] Processed 37 reads in 0.008 CPU sec, 0.004 real sec
[main] Version: 0.7.18-r1243-dirty
[main] CMD: bwa mem -v 3 -t 4 assembly_HP126.fasta SRR24413065_2_unpaired.trimmed.fastq.gz
[main] Real time: 0.044 sec; CPU: 0.022 sec
[bam_sort_core] merging from 0 files and 2 in-memory blocks...
[bam_sort_core] merging from 0 files and 2 in-memory blocks...
Pilon version 1.24 Thu Jan 28 13:00:45 2021 -0500
--threads argument no longer supported; ignoring!
Genome: assembly_HP126.fasta
Fixing snps, indels, gaps, local
Input genome size: 8766745
Scanning BAMs
unpaired_HP126.sorted.bam: 41038 reads, 0 filtered, 40993 mapped, 0 proper, 0 stray, Unpaired 100% 272+/-23, max 341
paired_HP126.sorted.bam: 2283508 reads, 0 filtered, 2280519 mapped, 2274772 proper, 2740 stray, FR 100% 414+/-92, max 688
Processing contig_1:1-6991808
unpaired unpaired_HP126.sorted.bam: coverage 1
frags paired_HP126.sorted.bam: coverage 63
Total Reads: 1660774, Coverage: 64, minDepth: 6
Confirmed 6978248 of 6991808 bases (99.81%)
Corrected 45 snps; 0 ambiguous bases; corrected 3989 small insertions totaling 4121 bases, 8 small deletions totaling 8 bases
# Attempting to fix local continuity breaks
# fix break: contig_1:5536-6254 0 -0 +0 NoSolution
# fix break: contig_1:6840-7000 0 -0 +0 NoSolution
# fix break: contig_1:7280-7841 0 -0 +0 NoSolution
# fix break: contig_1:8159-10368 0 -0 +0 NoSolution
# fix break: contig_1:10857-10988 0 -0 +0 NoSolution
# fix break: contig_1:13716-13830 0 -0 +0 NoSolution
# fix break: contig_1:25671-25749 0 -0 +0 NoSolution
# fix break: contig_1:199122-199484 0 -0 +0 NoSolution
# fix break: contig_1:320084-320267 0 -0 +0 NoSolution
fix break: contig_1:364930-365088 364984 -12 +14 BreakFix
fix break: contig_1:524807-524885 524807 -335 +341 BreakFix
fix break: contig_1:601243-601479 601350 -74 +76 BreakFix
fix break: contig_1:658117-658337 657994 -164 +167 BreakFix
fix break: contig_1:853731-853963 854128 -120 +122 BreakFix
fix break: contig_1:856905-857020 856541 -389 +394 BreakFix
# fix break: contig_1:1150945-1151386 0 -0 +0 NoSolution
# fix break: contig_1:1219073-1219241 0 -0 +0 NoSolution TandemRepeat 1
# fix break: contig_1:1327721-1328269 0 -0 +0 NoSolution TandemRepeat 90
fix break: contig_1:1328708-1329402 1328365 -863 +866 BreakFix
# fix break: contig_1:1415859-1416152 0 -0 +0 NoSolution TandemRepeat 1
# fix break: contig_1:1443317-1443637 0 -0 +0 NoSolution
# fix break: contig_1:1478409-1478563 0 -0 +0 NoSolution TandemRepeat 8
# fix break: contig_1:1550700-1550847 0 -0 +0 NoSolution
fix break: contig_1:1558653-1558778 1558755 -24 +28 BreakFix
fix break: contig_1:1651758-1651889 1651763 -453 +456 BreakFix
# fix break: contig_1:1675095-1675466 0 -0 +0 NoSolution
fix break: contig_1:2009621-2009796 2009574 -172 +175 BreakFix
fix break: contig_1:2024346-2025325 2024449 -599 +605 BreakFix
fix break: contig_1:2082415-2082506 2082296 -359 +361 BreakFix
fix break: contig_1:2172287-2172379 2172076 -252 +254 BreakFix
fix break: contig_1:2509016-2509161 2508990 -459 +461 BreakFix
# fix break: contig_1:2624436-2625309 0 -0 +0 NoSolution TandemRepeat 431
# fix break: contig_1:2665623-2665801 0 -0 +0 NoSolution
fix break: contig_1:2725140-2725314 2725167 -462 +472 BreakFix
fix break: contig_1:2725631-2725802 2725269 -623 +634 BreakFix
fix break: contig_1:2835900-2836008 2835614 -395 +397 BreakFix
fix break: contig_1:2961261-2961708 2960967 -707 +711 BreakFix
# fix break: contig_1:2965716-2965904 0 -0 +0 NoSolution
fix break: contig_1:3007246-3007359 3007277 -342 +345 BreakFix
fix break: contig_1:3034956-3035178 3034991 -188 +191 BreakFix
# fix break: contig_1:3086467-3086717 0 -0 +0 NoSolution
# fix break: contig_1:3086933-3087108 0 -0 +0 NoSolution
# fix break: contig_1:3151564-3151997 0 -0 +0 NoSolution
# fix break: contig_1:3188294-3188691 0 -0 +0 NoSolution TandemRepeat 144
# fix break: contig_1:3195072-3195389 0 -0 +0 NoSolution TandemRepeat 1
fix break: contig_1:3207358-3207502 3207242 -474 +477 BreakFix
fix break: contig_1:3209682-3210023 3209525 -257 +259 BreakFix
fix break: contig_1:3237126-3237232 3237126 -23 +25 BreakFix
fix break: contig_1:3257423-3257664 3257496 -264 +267 BreakFix
fix break: contig_1:3275945-3276231 3275903 -406 +411 BreakFix
# fix break: contig_1:3351414-3351690 0 -0 +0 NoSolution
fix break: contig_1:3361849-3361958 3361924 -129 +131 BreakFix
fix break: contig_1:3388809-3388975 3388809 -21 +24 BreakFix
# fix break: contig_1:3542050-3542280 0 -0 +0 NoSolution TandemRepeat 1
fix break: contig_1:3549998-3550237 3550079 -39 +41 BreakFix
fix break: contig_1:3566863-3566905 3566735 -9 +11 BreakFix
# fix break: contig_1:3622720-3622881 0 -0 +0 NoSolution
# fix break: contig_1:3623647-3623812 0 -0 +0 NoSolution
fix break: contig_1:3719361-3719610 3719534 -347 +349 BreakFix
fix break: contig_1:3851256-3851286 3851008 -549 +551 BreakFix
fix break: contig_1:4111166-4111167 4110988 -465 +470 BreakFix
fix break: contig_1:4118144-4118204 4117942 -198 +201 BreakFix
fix break: contig_1:4200129-4200184 4200174 -166 +168 BreakFix
# fix break: contig_1:4229362-4229646 0 -0 +0 NoSolution
fix break: contig_1:4232295-4232336 4232082 -223 +225 BreakFix
# fix break: contig_1:4314438-4314460 0 -0 +0 NoSolution TandemRepeat 306
fix break: contig_1:4347968-4348095 4347789 -300 +302 BreakFix
fix break: contig_1:4364912-4365141 4365058 -13 +17 BreakFix
fix break: contig_1:4365512-4366006 4365564 -797 +801 BreakFix
fix break: contig_1:4368057-4368109 4367760 -316 +319 BreakFix
fix break: contig_1:4589435-4589437 4589210 -220 +222 BreakFix
fix break: contig_1:4594743-4594746 4594395 -569 +571 BreakFix
# fix break: contig_1:4614760-4614957 0 -0 +0 NoSolution
# fix break: contig_1:4615271-4615439 0 -0 +0 NoSolution
fix break: contig_1:4618868-4619095 4618868 -92 +95 BreakFix
fix break: contig_1:4620689-4620771 4620730 -158 +161 BreakFix
# fix break: contig_1:4638065-4638223 0 -0 +0 NoSolution
fix break: contig_1:4693430-4693618 4693313 -196 +200 BreakFix
fix break: contig_1:4695030-4695161 4695047 -343 +346 BreakFix
# fix break: contig_1:4757838-4757908 0 -0 +0 NoSolution TandemRepeat 125
fix break: contig_1:4759911-4760022 4759911 -400 +402 BreakFix
# fix break: contig_1:4780475-4780930 0 -0 +0 NoSolution TandemRepeat 42
fix break: contig_1:4874605-4874723 4874609 -155 +157 BreakFix
fix break: contig_1:4874940-4875148 4874609 -540 +543 BreakFix
# fix break: contig_1:4875724-4876848 0 -0 +0 NoSolution
# fix break: contig_1:4877249-4877508 0 -0 +0 NoSolution
# fix break: contig_1:4913875-4913962 0 -0 +0 NoSolution
# fix break: contig_1:5132377-5132493 0 -0 +0 NoSolution
fix break: contig_1:5209109-5209125 5209068 -341 +344 BreakFix
fix break: contig_1:5236573-5236646 5236646 -26 +29 BreakFix
fix break: contig_1:5289683-5289875 5289587 -198 +201 BreakFix
# fix break: contig_1:5364658-5364812 0 -0 +0 NoSolution
fix break: contig_1:5545820-5545856 5545756 -132 +135 BreakFix
fix break: contig_1:5656861-5656988 5657037 -117 +120 BreakFix
fix break: contig_1:5670765-5670857 5670744 -46 +49 BreakFix
fix break: contig_1:5867564-5867720 5867672 -274 +276 BreakFix
fix break: contig_1:5873694-5873927 5873758 -259 +261 BreakFix
fix break: contig_1:5954484-5954660 5954549 -112 +114 BreakFix
# fix break: contig_1:5980994-5981444 0 -0 +0 NoSolution
fix break: contig_1:6085028-6085106 6085112 -14 +16 BreakFix
fix break: contig_1:6482408-6482613 6482212 -402 +405 BreakFix
fix break: contig_1:6568632-6568808 6568581 -181 +185 BreakFix
fix break: contig_1:6706404-6706535 6706142 -364 +366 BreakFix
fix break: contig_1:6753137-6753215 6753070 -510 +514 BreakFix
fix break: contig_1:6800043-6800138 6799724 -342 +344 BreakFix
fix break: contig_1:6866009-6866356 6866170 -107 +112 BreakFix
fix break: contig_1:6957518-6957730 6957303 -339 +341 BreakFix
contig_1:1-6991808 log:
Finished processing contig_1:1-6991808
Processing contig_2:1-170366
unpaired unpaired_HP126.sorted.bam: coverage 1
frags paired_HP126.sorted.bam: coverage 91
Total Reads: 58211, Coverage: 92, minDepth: 9
Confirmed 169964 of 170366 bases (99.76%)
Corrected 3 snps; 0 ambiguous bases; corrected 93 small insertions totaling 95 bases, 1 small deletions totaling 1 bases
# Attempting to fix local continuity breaks
fix break: contig_2:12787-13008 12686 -244 +247 BreakFix
contig_2:1-170366 log:
Finished processing contig_2:1-170366
Processing contig_3:1-550785
unpaired unpaired_HP126.sorted.bam: coverage 2
frags paired_HP126.sorted.bam: coverage 149
Total Reads: 309902, Coverage: 151, minDepth: 15
Confirmed 548203 of 550785 bases (99.53%)
Corrected 4 snps; 0 ambiguous bases; corrected 327 small insertions totaling 338 bases, 0 small deletions totaling 0 bases
Large collapsed region: contig_3:2588-13774 size 11187
Large collapsed region: contig_3:16163-32404 size 16242
# Attempting to fix local continuity breaks
fix break: contig_3:307846-307995 307695 -183 +185 BreakFix
# fix break: contig_3:310851-311106 0 -0 +0 NoSolution TandemRepeat 1
# fix break: contig_3:534011-534013 0 -0 +0 NoSolution
# fix break: contig_3:537369-537485 0 -0 +0 NoSolution
# fix break: contig_3:539143-539214 0 -0 +0 NoSolution
# fix break: contig_3:542010-542100 0 -0 +0 NoSolution
# fix break: contig_3:542922-542998 0 -0 +0 NoSolution
# fix break: contig_3:544094-544253 0 -0 +0 NoSolution
# fix break: contig_3:545224-545436 0 -0 +0 NoSolution
contig_3:1-550785 log:
Finished processing contig_3:1-550785
Processing contig_4:1-1053786
unpaired unpaired_HP126.sorted.bam: coverage 1
frags paired_HP126.sorted.bam: coverage 74
Total Reads: 295372, Coverage: 75, minDepth: 8
Confirmed 1047648 of 1053786 bases (99.42%)
Corrected 2 snps; 0 ambiguous bases; corrected 585 small insertions totaling 599 bases, 3 small deletions totaling 3 bases
Large collapsed region: contig_4:912866-1053615 size 140750
# Attempting to fix local continuity breaks
# fix break: contig_4:4576 0 -0 +0 NoSolution
# fix break: contig_4:5367-5523 0 -0 +0 NoSolution
# fix break: contig_4:5904-6081 0 -0 +0 NoSolution
# fix break: contig_4:6483-6580 0 -0 +0 NoSolution
# fix break: contig_4:7357-7463 0 -0 +0 NoSolution
# fix break: contig_4:14305-14405 0 -0 +0 NoSolution
# fix break: contig_4:16233-16375 0 -0 +0 NoSolution
fix break: contig_4:396881-397013 396805 -160 +162 BreakFix
# fix break: contig_4:458115-458230 0 -0 +0 NoSolution TandemRepeat 8
fix break: contig_4:699024-699174 699024 -332 +334 BreakFix
contig_4:1-1053786 log:
Finished processing contig_4:1-1053786
Writing contig_1:1-6991808 VCF to pilon_polished_HP126.vcf
Writing contig_1:1-6991808 changes to pilon_polished_HP126.changes
Writing updated contig_1_pilon to pilon_polished_HP126.fasta
Writing contig_2:1-170366 VCF to pilon_polished_HP126.vcf
Writing contig_2:1-170366 changes to pilon_polished_HP126.changes
Writing updated contig_2_pilon to pilon_polished_HP126.fasta
Writing contig_3:1-550785 VCF to pilon_polished_HP126.vcf
Writing contig_3:1-550785 changes to pilon_polished_HP126.changes
Writing updated contig_3_pilon to pilon_polished_HP126.fasta
Writing contig_4:1-1053786 VCF to pilon_polished_HP126.vcf
Writing contig_4:1-1053786 changes to pilon_polished_HP126.changes
Writing updated contig_4_pilon to pilon_polished_HP126.fasta
Mean unpaired coverage: 1
Mean frags coverage: 70
Mean total coverage: 71
