Usage: java -jar $PILON_HOME/pilon.jar other-options...
[bwa_index] Pack FASTA... 0.12 sec
[bwa_index] Construct BWT for the packed sequence...
[bwa_index] 3.22 seconds elapse.
[bwa_index] Update BWT... 0.09 sec
[bwa_index] Pack forward-only FASTA... 0.09 sec
[bwa_index] Construct SA from BWT and Occ... 1.23 sec
[main] Version: 0.7.18-r1243-dirty
[main] CMD: bwa index assembly_HP126.fasta
[main] Real time: 5.200 sec; CPU: 4.753 sec
[M::bwa_idx_load_from_disk] read 0 ALT contigs
[W::bseq_read] the 2nd file has fewer sequences.
[M::process] read 65602 sequences (18482050 bp)...
[W::bseq_read] the 2nd file has fewer sequences.
[M::mem_pestat] # candidate unique pairs for (FF, FR, RF, RR): (14, 17, 21, 26)
[M::mem_pestat] analyzing insert size distribution for orientation FF...
[M::mem_pestat] (25, 50, 75) percentile: (2418, 5372, 8584)
[M::mem_pestat] low and high boundaries for computing mean and std.dev: (1, 20916)
[M::mem_pestat] mean and std.dev: (5041.07, 3221.45)
[M::mem_pestat] low and high boundaries for proper pairs: (1, 27082)
[M::mem_pestat] analyzing insert size distribution for orientation FR...
[M::mem_pestat] (25, 50, 75) percentile: (2817, 4545, 7664)
[M::mem_pestat] low and high boundaries for computing mean and std.dev: (1, 17358)
[M::mem_pestat] mean and std.dev: (4981.88, 2806.98)
[M::mem_pestat] low and high boundaries for proper pairs: (1, 22205)
[M::mem_pestat] analyzing insert size distribution for orientation RF...
[M::mem_pestat] (25, 50, 75) percentile: (3709, 5759, 7065)
[M::mem_pestat] low and high boundaries for computing mean and std.dev: (1, 13777)
[M::mem_pestat] mean and std.dev: (5202.14, 2582.21)
[M::mem_pestat] low and high boundaries for proper pairs: (1, 17133)
[M::mem_pestat] analyzing insert size distribution for orientation RR...
[M::mem_pestat] (25, 50, 75) percentile: (1431, 3933, 5641)
[M::mem_pestat] low and high boundaries for computing mean and std.dev: (1, 14061)
[M::mem_pestat] mean and std.dev: (4189.69, 3050.79)
[M::mem_pestat] low and high boundaries for proper pairs: (1, 18271)
[mem_sam_pe] paired reads have different names: "SRR24413065.1", "SRR24413065.18"

[M::bwa_idx_load_from_disk] read 0 ALT contigs
[M::process] read 68098 sequences (20000295 bp)...
[M::process] read 67992 sequences (20000495 bp)...
[M::mem_process_seqs] Processed 68098 reads in 16.990 CPU sec, 8.545 real sec
[M::process] read 68034 sequences (20000209 bp)...
[M::mem_process_seqs] Processed 67992 reads in 17.632 CPU sec, 8.841 real sec
[M::process] read 68062 sequences (20000153 bp)...
[M::mem_process_seqs] Processed 68034 reads in 17.414 CPU sec, 8.710 real sec
[M::process] read 68070 sequences (20000508 bp)...
[M::mem_process_seqs] Processed 68062 reads in 18.204 CPU sec, 9.142 real sec
[M::process] read 68014 sequences (20000474 bp)...
[M::mem_process_seqs] Processed 68070 reads in 17.949 CPU sec, 9.023 real sec
[M::process] read 68044 sequences (20000399 bp)...
[M::mem_process_seqs] Processed 68014 reads in 17.699 CPU sec, 8.861 real sec
[M::process] read 67986 sequences (20000454 bp)...
[M::mem_process_seqs] Processed 68044 reads in 19.353 CPU sec, 9.730 real sec
[M::process] read 67998 sequences (20000170 bp)...
[M::mem_process_seqs] Processed 67986 reads in 17.356 CPU sec, 8.689 real sec
[M::process] read 68030 sequences (20000023 bp)...
[M::mem_process_seqs] Processed 67998 reads in 16.061 CPU sec, 8.060 real sec
[M::process] read 68038 sequences (20000544 bp)...
[M::mem_process_seqs] Processed 68030 reads in 14.899 CPU sec, 7.453 real sec
[M::process] read 68076 sequences (20000307 bp)...
[M::mem_process_seqs] Processed 68038 reads in 15.568 CPU sec, 7.811 real sec
[M::process] read 68040 sequences (20000232 bp)...
[M::mem_process_seqs] Processed 68076 reads in 16.201 CPU sec, 8.104 real sec
[M::process] read 68006 sequences (20000409 bp)...
[M::mem_process_seqs] Processed 68040 reads in 16.010 CPU sec, 8.023 real sec
[M::process] read 68014 sequences (20000284 bp)...
[M::mem_process_seqs] Processed 68006 reads in 16.039 CPU sec, 8.024 real sec
[M::process] read 68012 sequences (20000276 bp)...
[M::mem_process_seqs] Processed 68014 reads in 16.641 CPU sec, 8.324 real sec
[M::process] read 60962 sequences (17943626 bp)...
[M::mem_process_seqs] Processed 68012 reads in 15.198 CPU sec, 7.616 real sec
[M::mem_process_seqs] Processed 60962 reads in 15.820 CPU sec, 7.911 real sec
[main] Version: 0.7.18-r1243-dirty
[main] CMD: bwa mem -v 3 -t 2 assembly_HP126.fasta SRR24413065_1_unpaired.trimmed.fastq.gz
[main] Real time: 144.108 sec; CPU: 285.621 sec
[M::bwa_idx_load_from_disk] read 0 ALT contigs
[M::process] read 37 sequences (10478 bp)...
[M::mem_process_seqs] Processed 37 reads in 0.016 CPU sec, 0.010 real sec
[main] Version: 0.7.18-r1243-dirty
[main] CMD: bwa mem -v 3 -t 2 assembly_HP126.fasta SRR24413065_2_unpaired.trimmed.fastq.gz
[main] Real time: 0.091 sec; CPU: 0.042 sec
[bam_sort_core] merging from 0 files and 2 in-memory blocks...
Pilon version 1.24 Thu Jan 28 13:00:45 2021 -0500
--threads argument no longer supported; ignoring!
Genome: assembly_HP126.fasta
Fixing snps, indels, gaps, local
Input genome size: 8766745
Scanning BAMs
unpaired_HP126.sorted.bam: 1150000 reads, 0 filtered, 1144582 mapped, 0 proper, 0 stray, Unpaired 100% 294+/-17, max 346
paired_HP126.sorted.bam: 0 reads, 0 filtered, 0 mapped, 0 proper, 0 stray, max 500
Processing contig_1:1-6991808
unpaired unpaired_HP126.sorted.bam: coverage 31
frags paired_HP126.sorted.bam: coverage 0
Total Reads: 817553, Coverage: 31, minDepth: 5
Confirmed 6974985 of 6991808 bases (99.76%)
Corrected 46 snps; 0 ambiguous bases; corrected 3918 small insertions totaling 4047 bases, 8 small deletions totaling 8 bases
# Attempting to fix local continuity breaks
# fix break: contig_1:5574-5634 0 -0 +0 NoSolution
# fix break: contig_1:5961-6192 0 -0 +0 NoSolution
# fix break: contig_1:6839-6997 0 -0 +0 NoSolution
# fix break: contig_1:7270-7852 0 -0 +0 NoSolution
# fix break: contig_1:8183-9911 0 -0 +0 NoSolution
# fix break: contig_1:10164-10414 0 -0 +0 NoSolution
# fix break: contig_1:10840-10961 0 -0 +0 NoSolution
# fix break: contig_1:13724-13880 0 -0 +0 NoSolution
# fix break: contig_1:14145-14152 0 -0 +0 NoSolution
# fix break: contig_1:22929-23083 0 -0 +0 NoSolution
# fix break: contig_1:25652-25833 0 -0 +0 NoSolution
# fix break: contig_1:40778-40796 0 -0 +0 NoSolution
# fix break: contig_1:92646 0 -0 +0 NoSolution
# fix break: contig_1:199202-199330 0 -0 +0 NoSolution
# fix break: contig_1:320204-320354 0 -0 +0 NoSolution
# fix break: contig_1:364930-365119 0 -0 +0 NoSolution
# fix break: contig_1:457457-457466 0 -0 +0 NoSolution
# fix break: contig_1:524792-524924 0 -0 +0 NoSolution
# fix break: contig_1:601093-601477 0 -0 +0 NoSolution
# fix break: contig_1:606928-607149 0 -0 +0 NoSolution
# fix break: contig_1:658117-658364 0 -0 +0 NoSolution
# fix break: contig_1:690415-690511 0 -0 +0 NoSolution
# fix break: contig_1:848613-848879 0 -0 +0 NoSolution
# fix break: contig_1:853731-853985 0 -0 +0 NoSolution
fix break: contig_1:856904-857061 856913 -17 +20 BreakFix
# fix break: contig_1:889022-889137 0 -0 +0 NoSolution
# fix break: contig_1:959951-959986 0 -0 +0 NoSolution
# fix break: contig_1:1143179-1143310 0 -0 +0 NoSolution
# fix break: contig_1:1147421-1147800 0 -0 +0 NoSolution
# fix break: contig_1:1149306-1149580 0 -0 +0 NoSolution
# fix break: contig_1:1151005-1151439 0 -0 +0 NoSolution
# fix break: contig_1:1219033-1219241 0 -0 +0 NoSolution TandemRepeat 1
# fix break: contig_1:1322182-1322317 0 -0 +0 NoSolution
# fix break: contig_1:1327711-1328332 0 -0 +0 NoSolution
# fix break: contig_1:1328657-1329460 0 -0 +0 NoSolution
# fix break: contig_1:1414430-1414600 0 -0 +0 NoSolution
# fix break: contig_1:1415824-1416141 0 -0 +0 NoSolution TandemRepeat 5
# fix break: contig_1:1416343-1416415 0 -0 +0 NoSolution TandemRepeat 5
# fix break: contig_1:1443328-1443660 0 -0 +0 NoSolution
# fix break: contig_1:1447812-1448042 0 -0 +0 NoSolution TandemRepeat 54
# fix break: contig_1:1478397-1478601 0 -0 +0 NoSolution TandemRepeat 8
# fix break: contig_1:1550700-1550838 0 -0 +0 NoSolution
# fix break: contig_1:1551786-1552441 0 -0 +0 NoSolution
# fix break: contig_1:1558710-1558794 0 -0 +0 NoSolution
# fix break: contig_1:1646168-1646183 0 -0 +0 NoSolution
# fix break: contig_1:1651754-1651892 0 -0 +0 NoSolution
# fix break: contig_1:1675150-1675437 0 -0 +0 NoSolution
# fix break: contig_1:1675979-1676157 0 -0 +0 NoSolution
# fix break: contig_1:1705405-1705621 0 -0 +0 NoSolution
# fix break: contig_1:1733433-1733449 0 -0 +0 NoSolution
# fix break: contig_1:1781564-1781871 0 -0 +0 NoSolution
# fix break: contig_1:1854366-1854560 0 -0 +0 NoSolution
# fix break: contig_1:1871154-1871341 0 -0 +0 NoSolution
# fix break: contig_1:1920273-1920473 0 -0 +0 NoSolution
# fix break: contig_1:2009546-2009805 0 -0 +0 NoSolution
# fix break: contig_1:2024355-2025301 0 -0 +0 NoSolution
# fix break: contig_1:2025637-2025810 0 -0 +0 NoSolution
# fix break: contig_1:2059478-2059899 0 -0 +0 NoSolution
# fix break: contig_1:2063366-2063389 0 -0 +0 NoSolution
fix break: contig_1:2166370-2166396 2166370 -64 +66 BreakFix
# fix break: contig_1:2172279-2172488 0 -0 +0 NoSolution
# fix break: contig_1:2268999-2269181 0 -0 +0 NoSolution
# fix break: contig_1:2287488-2287506 0 -0 +0 NoSolution
# fix break: contig_1:2356238-2356474 0 -0 +0 NoSolution
# fix break: contig_1:2356955-2357113 0 -0 +0 NoSolution
# fix break: contig_1:2365468-2365649 0 -0 +0 NoSolution
# fix break: contig_1:2464392-2464441 0 -0 +0 NoSolution
# fix break: contig_1:2483334-2483528 0 -0 +0 NoSolution
# fix break: contig_1:2508990-2509164 0 -0 +0 NoSolution
# fix break: contig_1:2530413-2530424 0 -0 +0 NoSolution
# fix break: contig_1:2576573-2576754 0 -0 +0 NoSolution
# fix break: contig_1:2624416-2625314 0 -0 +0 NoSolution TandemRepeat 431
# fix break: contig_1:2662944-2663030 0 -0 +0 NoSolution
# fix break: contig_1:2665623-2665805 0 -0 +0 NoSolution
# fix break: contig_1:2725148-2725792 0 -0 +0 NoSolution
# fix break: contig_1:2776242-2776500 0 -0 +0 NoSolution
# fix break: contig_1:2780658-2780778 0 -0 +0 NoSolution
# fix break: contig_1:2783991-2784144 0 -0 +0 NoSolution
# fix break: contig_1:2786807-2787042 0 -0 +0 NoSolution
# fix break: contig_1:2791395-2791623 0 -0 +0 NoSolution
# fix break: contig_1:2835845-2836177 0 -0 +0 NoSolution
# fix break: contig_1:2893058-2893138 0 -0 +0 NoSolution TandemRepeat 241
# fix break: contig_1:2910272-2910337 0 -0 +0 NoSolution
# fix break: contig_1:2961268-2961768 0 -0 +0 NoSolution
# fix break: contig_1:2963566-2963744 0 -0 +0 NoSolution
# fix break: contig_1:2965716-2965905 0 -0 +0 NoSolution
# fix break: contig_1:3007242-3007412 0 -0 +0 NoSolution
# fix break: contig_1:3020390-3020527 0 -0 +0 NoSolution
# fix break: contig_1:3034933-3035188 0 -0 +0 NoSolution
# fix break: contig_1:3086457-3086701 0 -0 +0 NoSolution
# fix break: contig_1:3086937-3087198 0 -0 +0 NoSolution
# fix break: contig_1:3144605-3144713 0 -0 +0 NoSolution
# fix break: contig_1:3150460-3150767 0 -0 +0 NoSolution
# fix break: contig_1:3151585-3152001 0 -0 +0 NoSolution
# fix break: contig_1:3152330-3152714 0 -0 +0 NoSolution
# fix break: contig_1:3181568-3181757 0 -0 +0 NoSolution
# fix break: contig_1:3188247-3188691 0 -0 +0 NoSolution
# fix break: contig_1:3195145-3195433 0 -0 +0 NoSolution
# fix break: contig_1:3207351-3207524 0 -0 +0 NoSolution
# fix break: contig_1:3209704-3210025 0 -0 +0 NoSolution
# fix break: contig_1:3217347-3217392 0 -0 +0 NoSolution
# fix break: contig_1:3237006-3237242 0 -0 +0 NoSolution
# fix break: contig_1:3253182-3253353 0 -0 +0 NoSolution
# fix break: contig_1:3257336-3257607 0 -0 +0 NoSolution
# fix break: contig_1:3275943-3276258 0 -0 +0 NoSolution
# fix break: contig_1:3278736-3278815 0 -0 +0 NoSolution
# fix break: contig_1:3309729-3309924 0 -0 +0 NoSolution
# fix break: contig_1:3313772-3313985 0 -0 +0 NoSolution
# fix break: contig_1:3327517-3327939 0 -0 +0 NoSolution
# fix break: contig_1:3351428-3351623 0 -0 +0 NoSolution
# fix break: contig_1:3356959-3357034 0 -0 +0 NoSolution
# fix break: contig_1:3361897-3362032 0 -0 +0 NoSolution
# fix break: contig_1:3388739-3389025 0 -0 +0 NoSolution
# fix break: contig_1:3411329-3411553 0 -0 +0 NoSolution
# fix break: contig_1:3416657-3416713 0 -0 +0 NoSolution
# fix break: contig_1:3442088-3442201 0 -0 +0 NoSolution
# fix break: contig_1:3533967-3535054 0 -0 +0 NoSolution
# fix break: contig_1:3542062-3542286 0 -0 +0 NoSolution
# fix break: contig_1:3549988-3550273 0 -0 +0 NoSolution
fix break: contig_1:3566749-3566890 3566735 -9 +11 BreakFix
# fix break: contig_1:3622682-3623023 0 -0 +0 NoSolution
# fix break: contig_1:3623447-3623812 0 -0 +0 NoSolution
# fix break: contig_1:3634511-3634601 0 -0 +0 NoSolution
# fix break: contig_1:3713733-3713759 0 -0 +0 NoSolution
# fix break: contig_1:3719388-3719604 0 -0 +0 NoSolution
# fix break: contig_1:3770824-3770829 0 -0 +0 NoSolution
# fix break: contig_1:3806874-3806924 0 -0 +0 NoSolution
# fix break: contig_1:3818932-3819020 0 -0 +0 NoSolution
# fix break: contig_1:3849025-3849398 0 -0 +0 NoSolution
# fix break: contig_1:3851239-3851373 0 -0 +0 NoSolution
# fix break: contig_1:3852403-3852510 0 -0 +0 NoSolution
# fix break: contig_1:3858411-3858788 0 -0 +0 NoSolution
# fix break: contig_1:3888149-3888199 0 -0 +0 NoSolution
# fix break: contig_1:3895907-3896068 0 -0 +0 NoSolution
# fix break: contig_1:3900759-3900864 0 -0 +0 NoSolution
# fix break: contig_1:3919675-3919764 0 -0 +0 NoSolution
# fix break: contig_1:3941453-3941455 0 -0 +0 NoSolution
# fix break: contig_1:3974788-3975272 0 -0 +0 NoSolution
# fix break: contig_1:4018771-4019310 0 -0 +0 NoSolution
# fix break: contig_1:4110913-4111222 0 -0 +0 NoSolution
# fix break: contig_1:4118152-4118243 0 -0 +0 NoSolution
# fix break: contig_1:4143856-4144012 0 -0 +0 NoSolution
# fix break: contig_1:4154524-4154682 0 -0 +0 NoSolution
# fix break: contig_1:4196712-4196899 0 -0 +0 NoSolution
# fix break: contig_1:4200129-4200185 0 -0 +0 NoSolution
# fix break: contig_1:4226128-4226949 0 -0 +0 NoSolution
# fix break: contig_1:4229272-4229641 0 -0 +0 NoSolution
# fix break: contig_1:4293652-4293843 0 -0 +0 NoSolution
# fix break: contig_1:4302484-4302650 0 -0 +0 NoSolution
# fix break: contig_1:4314266-4314719 0 -0 +0 NoSolution
# fix break: contig_1:4328546-4328750 0 -0 +0 NoSolution
# fix break: contig_1:4342002-4342158 0 -0 +0 NoSolution
# fix break: contig_1:4347934-4348096 0 -0 +0 NoSolution
fix break: contig_1:4362586-4362612 4362507 -50 +52 BreakFix
# fix break: contig_1:4364971-4365230 0 -0 +0 NoSolution
# fix break: contig_1:4365445-4366008 0 -0 +0 NoSolution
# fix break: contig_1:4367895-4368242 0 -0 +0 NoSolution
# fix break: contig_1:4392134-4392300 0 -0 +0 NoSolution
# fix break: contig_1:4401133-4401351 0 -0 +0 NoSolution
# fix break: contig_1:4423151-4423645 0 -0 +0 NoSolution
# fix break: contig_1:4444755-4444762 0 -0 +0 NoSolution
# fix break: contig_1:4456130-4456131 0 -0 +0 NoSolution
# fix break: contig_1:4516344-4516365 0 -0 +0 NoSolution
# fix break: contig_1:4517711-4517744 0 -0 +0 NoSolution
# fix break: contig_1:4522216-4522539 0 -0 +0 NoSolution
# fix break: contig_1:4534107-4534109 0 -0 +0 NoSolution
# fix break: contig_1:4589410-4589452 0 -0 +0 NoSolution
# fix break: contig_1:4594637-4594747 0 -0 +0 NoSolution
# fix break: contig_1:4614800-4614957 0 -0 +0 NoSolution
# fix break: contig_1:4615184-4615439 0 -0 +0 NoSolution
# fix break: contig_1:4618862-4619176 0 -0 +0 NoSolution
# fix break: contig_1:4620681-4620881 0 -0 +0 NoSolution
# fix break: contig_1:4634154-4634317 0 -0 +0 NoSolution
# fix break: contig_1:4635474-4635617 0 -0 +0 NoSolution
# fix break: contig_1:4637419-4637710 0 -0 +0 NoSolution
# fix break: contig_1:4637991-4638224 0 -0 +0 NoSolution
# fix break: contig_1:4693381-4693635 0 -0 +0 NoSolution
# fix break: contig_1:4695030-4695127 0 -0 +0 NoSolution
# fix break: contig_1:4695521-4695539 0 -0 +0 NoSolution
# fix break: contig_1:4704956-4705202 0 -0 +0 NoSolution
# fix break: contig_1:4732569-4732605 0 -0 +0 NoSolution
# fix break: contig_1:4757089-4757404 0 -0 +0 NoSolution TandemRepeat 125
# fix break: contig_1:4757838-4757886 0 -0 +0 NoSolution
# fix break: contig_1:4759905-4759951 0 -0 +0 NoSolution
# fix break: contig_1:4774372-4774381 0 -0 +0 NoSolution
# fix break: contig_1:4780337-4780936 0 -0 +0 NoSolution
# fix break: contig_1:4824788-4825008 0 -0 +0 NoSolution
# fix break: contig_1:4874587-4875148 0 -0 +0 NoSolution
# fix break: contig_1:4875790-4876854 0 -0 +0 NoSolution
# fix break: contig_1:4877099-4877593 0 -0 +0 NoSolution
# fix break: contig_1:4882952-4883220 0 -0 +0 NoSolution
fix break: contig_1:4959947-4960156 4960022 -135 +141 BreakFix
# fix break: contig_1:4964650-4964773 0 -0 +0 NoSolution
# fix break: contig_1:5007074-5007373 0 -0 +0 NoSolution
# fix break: contig_1:5132236-5132541 0 -0 +0 NoSolution
# fix break: contig_1:5138763-5138823 0 -0 +0 NoSolution
# fix break: contig_1:5144600-5144752 0 -0 +0 NoSolution
# fix break: contig_1:5209027-5209150 0 -0 +0 NoSolution
# fix break: contig_1:5236481-5236653 0 -0 +0 NoSolution
# fix break: contig_1:5259213-5259251 0 -0 +0 NoSolution
# fix break: contig_1:5276428-5276518 0 -0 +0 NoSolution
# fix break: contig_1:5289631-5289919 0 -0 +0 NoSolution
# fix break: contig_1:5349654-5349775 0 -0 +0 NoSolution
# fix break: contig_1:5364621-5364845 0 -0 +0 NoSolution
# fix break: contig_1:5465373-5465410 0 -0 +0 NoSolution
# fix break: contig_1:5544567-5544756 0 -0 +0 NoSolution
# fix break: contig_1:5653070-5653183 0 -0 +0 NoSolution
# fix break: contig_1:5656861-5656926 0 -0 +0 NoSolution
# fix break: contig_1:5659998-5660370 0 -0 +0 NoSolution
# fix break: contig_1:5667296-5667342 0 -0 +0 NoSolution
fix break: contig_1:5670765-5670849 5670744 -46 +49 BreakFix
# fix break: contig_1:5687058-5687063 0 -0 +0 NoSolution TandemRepeat 56
# fix break: contig_1:5785052-5785559 0 -0 +0 NoSolution
# fix break: contig_1:5791038-5791273 0 -0 +0 NoSolution
fix break: contig_1:5830156-5830182 5830125 -144 +147 BreakFix
# fix break: contig_1:5830530-5830534 0 -0 +0 NoSolution
# fix break: contig_1:5867510-5867764 0 -0 +0 NoSolution
# fix break: contig_1:5870481-5870965 0 -0 +0 NoSolution
# fix break: contig_1:5873633-5873970 0 -0 +0 NoSolution
# fix break: contig_1:5922341-5922819 0 -0 +0 NoSolution
# fix break: contig_1:5923083-5923532 0 -0 +0 NoSolution
# fix break: contig_1:5924868-5925030 0 -0 +0 NoSolution
fix break: contig_1:5954492-5954682 5954549 -112 +114 BreakFix
# fix break: contig_1:5979526-5979748 0 -0 +0 NoSolution
# fix break: contig_1:5981159-5981443 0 -0 +0 NoSolution
# fix break: contig_1:6019435-6019460 0 -0 +0 NoSolution TandemRepeat 260
# fix break: contig_1:6019728-6019740 0 -0 +0 NoSolution TandemRepeat 260
# fix break: contig_1:6063405 0 -0 +0 NoSolution
fix break: contig_1:6085078-6085106 6085112 -14 +16 BreakFix
# fix break: contig_1:6127318-6127501 0 -0 +0 NoSolution
# fix break: contig_1:6141204-6141234 0 -0 +0 NoSolution
# fix break: contig_1:6166544-6166648 0 -0 +0 NoSolution TandemRepeat 567
# fix break: contig_1:6194886-6194888 0 -0 +0 NoSolution TandemRepeat 160
# fix break: contig_1:6408314-6408610 0 -0 +0 NoSolution
# fix break: contig_1:6415981-6416195 0 -0 +0 NoSolution
# fix break: contig_1:6434934-6434945 0 -0 +0 NoSolution
# fix break: contig_1:6436720-6437224 0 -0 +0 NoSolution
# fix break: contig_1:6480147-6480309 0 -0 +0 NoSolution
# fix break: contig_1:6482389-6482591 0 -0 +0 NoSolution
# fix break: contig_1:6516872-6517035 0 -0 +0 NoSolution
# fix break: contig_1:6568580-6568790 0 -0 +0 NoSolution
# fix break: contig_1:6577785-6577800 0 -0 +0 NoSolution TandemRepeat 105
# fix break: contig_1:6659948-6660086 0 -0 +0 NoSolution
# fix break: contig_1:6662007-6662134 0 -0 +0 NoSolution
# fix break: contig_1:6706385-6706525 0 -0 +0 NoSolution
# fix break: contig_1:6726688-6726692 0 -0 +0 NoSolution
# fix break: contig_1:6736016-6736330 0 -0 +0 NoSolution TandemRepeat 203
fix break: contig_1:6753137-6753300 6753070 -61 +64 BreakFix
# fix break: contig_1:6773997-6774064 0 -0 +0 NoSolution
# fix break: contig_1:6800041-6800202 0 -0 +0 NoSolution
# fix break: contig_1:6832035-6832215 0 -0 +0 NoSolution
# fix break: contig_1:6866007-6866281 0 -0 +0 NoSolution
# fix break: contig_1:6948588-6948689 0 -0 +0 NoSolution
# fix break: contig_1:6957515-6957730 0 -0 +0 NoSolution
# fix break: contig_1:6958540-6958575 0 -0 +0 NoSolution
contig_1:1-6991808 log:
Finished processing contig_1:1-6991808
Processing contig_2:1-170366
unpaired unpaired_HP126.sorted.bam: coverage 45
frags paired_HP126.sorted.bam: coverage 0
Total Reads: 28760, Coverage: 45, minDepth: 5
Confirmed 169973 of 170366 bases (99.77%)
Corrected 3 snps; 0 ambiguous bases; corrected 92 small insertions totaling 94 bases, 1 small deletions totaling 1 bases
# Attempting to fix local continuity breaks
# fix break: contig_2:12163-12252 0 -0 +0 NoSolution
# fix break: contig_2:12694-13022 0 -0 +0 NoSolution
contig_2:1-170366 log:
Finished processing contig_2:1-170366
Processing contig_3:1-550785
unpaired unpaired_HP126.sorted.bam: coverage 75
frags paired_HP126.sorted.bam: coverage 0
Total Reads: 152855, Coverage: 75, minDepth: 8
Confirmed 548655 of 550785 bases (99.61%)
Corrected 4 snps; 0 ambiguous bases; corrected 327 small insertions totaling 338 bases, 0 small deletions totaling 0 bases
Large collapsed region: contig_3:16098-32565 size 16468
Large collapsed region: contig_3:46258-59055 size 12798
Large collapsed region: contig_3:70200-84944 size 14745
Large collapsed region: contig_3:143857-157503 size 13647
# Attempting to fix local continuity breaks
# fix break: contig_3:310892-311106 0 -0 +0 NoSolution
# fix break: contig_3:533955-534115 0 -0 +0 NoSolution
# fix break: contig_3:537365-537474 0 -0 +0 NoSolution
# fix break: contig_3:539140-539288 0 -0 +0 NoSolution
# fix break: contig_3:541945-542122 0 -0 +0 NoSolution
# fix break: contig_3:542931-542995 0 -0 +0 NoSolution
# fix break: contig_3:544164-544294 0 -0 +0 NoSolution
# fix break: contig_3:545241-545512 0 -0 +0 NoSolution
contig_3:1-550785 log:
Finished processing contig_3:1-550785
Processing contig_4:1-1053786
unpaired unpaired_HP126.sorted.bam: coverage 37
frags paired_HP126.sorted.bam: coverage 0
Total Reads: 145414, Coverage: 37, minDepth: 5
Confirmed 1047853 of 1053786 bases (99.44%)
Corrected 2 snps; 0 ambiguous bases; corrected 584 small insertions totaling 598 bases, 2 small deletions totaling 2 bases
# Attempting to fix local continuity breaks
# fix break: contig_4:4599-4753 0 -0 +0 NoSolution
# fix break: contig_4:5367-5568 0 -0 +0 NoSolution
# fix break: contig_4:5973-6170 0 -0 +0 NoSolution
# fix break: contig_4:6466-6609 0 -0 +0 NoSolution
# fix break: contig_4:7353-7460 0 -0 +0 NoSolution
# fix break: contig_4:14269-14366 0 -0 +0 NoSolution
# fix break: contig_4:16122-16349 0 -0 +0 NoSolution
# fix break: contig_4:181182-181287 0 -0 +0 NoSolution
# fix break: contig_4:193079-193133 0 -0 +0 NoSolution
# fix break: contig_4:199726-199882 0 -0 +0 NoSolution
# fix break: contig_4:259598-259769 0 -0 +0 NoSolution
# fix break: contig_4:285771-285951 0 -0 +0 NoSolution
# fix break: contig_4:385018-385159 0 -0 +0 NoSolution
# fix break: contig_4:396760-397038 0 -0 +0 NoSolution
# fix break: contig_4:401292-401650 0 -0 +0 NoSolution
# fix break: contig_4:457915-458311 0 -0 +0 NoSolution
# fix break: contig_4:474964-475061 0 -0 +0 NoSolution
# fix break: contig_4:601069-601331 0 -0 +0 NoSolution
# fix break: contig_4:614279-614285 0 -0 +0 NoSolution
# fix break: contig_4:699024-699167 0 -0 +0 NoSolution
# fix break: contig_4:757693-757751 0 -0 +0 NoSolution
# fix break: contig_4:869033-869052 0 -0 +0 NoSolution
# fix break: contig_4:1002793-1002850 0 -0 +0 NoSolution
fix break: contig_4:1020193-1020299 1020270 -121 +124 BreakFix
fix break: contig_4:1036469-1036499 1036469 -12 +14 BreakFix
contig_4:1-1053786 log:
Finished processing contig_4:1-1053786
Writing contig_1:1-6991808 VCF to pilon_polished_HP126.vcf
Writing contig_1:1-6991808 changes to pilon_polished_HP126.changes
Writing updated contig_1_pilon to pilon_polished_HP126.fasta
Writing contig_2:1-170366 VCF to pilon_polished_HP126.vcf
Writing contig_2:1-170366 changes to pilon_polished_HP126.changes
Writing updated contig_2_pilon to pilon_polished_HP126.fasta
Writing contig_3:1-550785 VCF to pilon_polished_HP126.vcf
Writing contig_3:1-550785 changes to pilon_polished_HP126.changes
Writing updated contig_3_pilon to pilon_polished_HP126.fasta
Writing contig_4:1-1053786 VCF to pilon_polished_HP126.vcf
Writing contig_4:1-1053786 changes to pilon_polished_HP126.changes
Writing updated contig_4_pilon to pilon_polished_HP126.fasta
Mean unpaired coverage: 35
Mean frags coverage: 0
Mean total coverage: 35
