/sw/bioinfo/quast/5.0.2/snowy/bin/quast.py pilon_polished_R7.fasta -r R7_genome.fasta -o quast_results_R7 -t 4 --min-contig 200

Version: 5.0.2

System information:
  OS: Linux-3.10.0-1160.119.1.el7.x86_64-x86_64-with-centos-7.9.2009-Core (linux_64)
  Python version: 3.7.2
  CPUs number: 16

Started: 2025-05-02 17:01:18

Logging to /scratch/9924040/quast_results_R7/quast.log

CWD: /scratch/9924040
Main parameters: 
  MODE: default, threads: 4, minimum contig length: 200, minimum alignment length: 65, \
  ambiguity: one, threshold for extensive misassembly size: 1000

Reference:
  /scratch/9924040/R7_genome.fasta ==> R7_genome

Contigs:
  Pre-processing...
  pilon_polished_R7.fasta ==> pilon_polished_R7

2025-05-02 17:01:21
Running Basic statistics processor...
  Reference genome:
    R7_genome.fasta, length = 9660595, num fragments = 2, GC % = 71.88
  Contig files: 
    pilon_polished_R7
  Calculating N50 and L50...
    pilon_polished_R7, N50 = 9361403, L50 = 1, Total length = 9653977, GC % = 71.89, # N's per 100 kbp =  0.00
  Drawing Nx plot...
    saved to /scratch/9924040/quast_results_R7/basic_stats/Nx_plot.pdf
  Drawing NGx plot...
    saved to /scratch/9924040/quast_results_R7/basic_stats/NGx_plot.pdf
  Drawing cumulative plot...
    saved to /scratch/9924040/quast_results_R7/basic_stats/cumulative_plot.pdf
  Drawing GC content plot...
    saved to /scratch/9924040/quast_results_R7/basic_stats/GC_content_plot.pdf
  Drawing pilon_polished_R7 GC content plot...
    saved to /scratch/9924040/quast_results_R7/basic_stats/pilon_polished_R7_GC_content_plot.pdf
Done.

2025-05-02 17:01:25
Running Contig analyzer...
  pilon_polished_R7
  Logging to files /scratch/9924040/quast_results_R7/contigs_reports/contigs_report_pilon_polished_R7.stdout and contigs_report_pilon_polished_R7.stderr...
  Aligning contigs to the reference
  Analysis is finished.
  Creating total report...
    saved to /scratch/9924040/quast_results_R7/contigs_reports/misassemblies_report.txt, misassemblies_report.tsv, and misassemblies_report.tex
  Transposed version of total report...
    saved to /scratch/9924040/quast_results_R7/contigs_reports/transposed_report_misassemblies.txt, transposed_report_misassemblies.tsv, and transposed_report_misassemblies.tex
  Creating total report...
    saved to /scratch/9924040/quast_results_R7/contigs_reports/unaligned_report.txt, unaligned_report.tsv, and unaligned_report.tex
  Drawing misassemblies by types plot...
    saved to /scratch/9924040/quast_results_R7/contigs_reports/misassemblies_plot.pdf
  Drawing misassemblies FRCurve plot...
    saved to /scratch/9924040/quast_results_R7/contigs_reports/misassemblies_frcurve_plot.pdf
Done.

2025-05-02 17:01:32
Running NA-NGA calculation...
  pilon_polished_R7, Largest alignment = 9361403, NA50 = 9361403, NGA50 = 9361403, LA50 = 1, LGA50 = 1
  Drawing cumulative plot...
    saved to /scratch/9924040/quast_results_R7/aligned_stats/cumulative_plot.pdf
  Drawing NAx plot...
    saved to /scratch/9924040/quast_results_R7/aligned_stats/NAx_plot.pdf
  Drawing NGAx plot...
    saved to /scratch/9924040/quast_results_R7/aligned_stats/NGAx_plot.pdf
Done.

2025-05-02 17:01:33
Running Genome analyzer...
  NOTICE: No file with genomic features were provided. Use the --features option if you want to specify it.

  NOTICE: No file with operons were provided. Use the -O option if you want to specify it.
  pilon_polished_R7
  Analysis is finished.
  Skipping drawing Genome fraction, % histogram... (less than 2 columns histogram makes no sense)
Done.

NOTICE: Genes are not predicted by default. Use --gene-finding or --glimmer option to enable it.

2025-05-02 17:01:37
Creating large visual summaries...
This may take a while: press Ctrl-C to skip this step..
  1 of 2: Creating Icarus viewers...
  2 of 2: Creating PDF with all tables and plots...
Done

2025-05-02 17:01:38
RESULTS:
  Text versions of total report are saved to /scratch/9924040/quast_results_R7/report.txt, report.tsv, and report.tex
  Text versions of transposed total report are saved to /scratch/9924040/quast_results_R7/transposed_report.txt, transposed_report.tsv, and transposed_report.tex
  HTML version (interactive tables and plots) is saved to /scratch/9924040/quast_results_R7/report.html
  PDF version (tables and plots) is saved to /scratch/9924040/quast_results_R7/report.pdf
  Icarus (contig browser) is saved to /scratch/9924040/quast_results_R7/icarus.html
  Log is saved to /scratch/9924040/quast_results_R7/quast.log

Finished: 2025-05-02 17:01:39
Elapsed time: 0:00:20.294728
NOTICEs: 3; WARNINGs: 0; non-fatal ERRORs: 0

Thank you for using QUAST!
