[2025-04-09 21:15:54] INFO: Starting Flye 2.9.5-b1801
[2025-04-09 21:15:54] INFO: >>>STAGE: configure
[2025-04-09 21:15:54] INFO: Configuring run
[2025-04-09 21:16:36] INFO: Total read length: 1591594680
[2025-04-09 21:16:36] INFO: Reads N50/N90: 10798 / 3436
[2025-04-09 21:16:36] INFO: Minimum overlap set to 3000
[2025-04-09 21:16:36] INFO: >>>STAGE: assembly
[2025-04-09 21:16:36] INFO: Assembling disjointigs
[2025-04-09 21:16:36] INFO: Reading sequences
[2025-04-09 21:17:05] INFO: Building minimizer index
[2025-04-09 21:17:05] INFO: Pre-calculating index storage
0% 10% 20% 30% 40% 50% 60% 70% 80% 90% 100% 
[2025-04-09 21:18:24] INFO: Filling index
0% 10% 20% 30% 40% 50% 60% 70% 80% 90% 100% 
[2025-04-09 21:21:35] INFO: Extending reads
[2025-04-09 21:26:12] INFO: Overlap-based coverage: 129
[2025-04-09 21:26:12] INFO: Median overlap divergence: 0.0726487
0% 80% 90% 100% 
[2025-04-09 21:53:42] INFO: Assembled 3 disjointigs
[2025-04-09 21:53:45] INFO: Generating sequence
0% 10% 20% 30% 40% 50% 60% 70% 80% 90% 100% 
[2025-04-09 21:53:54] INFO: Filtering contained disjointigs
0% 30% 60% 100% 
[2025-04-09 21:53:58] INFO: Contained seqs: 0
[2025-04-09 21:53:59] INFO: >>>STAGE: consensus
[2025-04-09 21:53:59] INFO: Running Minimap2
[2025-04-09 21:58:39] INFO: Computing consensus
[2025-04-09 22:09:40] INFO: Alignment error rate: 0.088540
[2025-04-09 22:09:41] INFO: >>>STAGE: repeat
[2025-04-09 22:09:41] INFO: Building and resolving repeat graph
[2025-04-09 22:09:41] INFO: Parsing disjointigs
[2025-04-09 22:09:41] INFO: Building repeat graph
0% 30% 60% 100% 
[2025-04-09 22:09:50] INFO: Median overlap divergence: 0.214695
[2025-04-09 22:09:50] INFO: Parsing reads
[2025-04-09 22:10:21] INFO: Aligning reads to the graph
0% 10% 20% 30% 40% 50% 60% 70% 80% 90% 100% 
[2025-04-09 22:14:28] INFO: Aligned read sequence: 1376648997 / 1460121720 (0.942832)
[2025-04-09 22:14:28] INFO: Median overlap divergence: 0.0385892
[2025-04-09 22:14:28] INFO: Mean edge coverage: 158
[2025-04-09 22:14:28] INFO: Simplifying the graph
[2025-04-09 22:14:31] INFO: >>>STAGE: contigger
[2025-04-09 22:14:31] INFO: Generating contigs
[2025-04-09 22:14:31] INFO: Reading sequences
[2025-04-09 22:15:02] INFO: Generated 6 contigs
[2025-04-09 22:15:02] INFO: Added 0 scaffold connections
[2025-04-09 22:15:03] INFO: >>>STAGE: polishing
[2025-04-09 22:15:03] INFO: Polishing genome (1/1)
[2025-04-09 22:15:03] INFO: Running minimap2
[2025-04-09 22:19:38] INFO: Separating alignment into bubbles
[2025-04-09 22:30:38] INFO: Alignment error rate: 0.054514
[2025-04-09 22:30:38] INFO: Correcting bubbles
0% 10% 20% 30% 40% 50% 60% 70% 80% 90% 100% 
[2025-04-09 22:34:11] INFO: >>>STAGE: finalize
[2025-04-09 22:34:12] INFO: Assembly statistics:

	Total length:	8850067
	Fragments:	6
	Fragments N50:	7023346
	Largest frg:	7023346
	Scaffolds:	0
	Mean coverage:	186

[2025-04-09 22:34:12] INFO: Final assembly: /home/saidas/GA_results/Flye_assembly_HP126_Porechop/assembly.fasta
