[2025-04-06 15:21:14] INFO: Starting Flye 2.9.5-b1801
[2025-04-06 15:21:14] INFO: >>>STAGE: configure
[2025-04-06 15:21:14] INFO: Configuring run
[2025-04-06 15:21:55] INFO: Total read length: 1626649146
[2025-04-06 15:21:55] INFO: Reads N50/N90: 10846 / 3439
[2025-04-06 15:21:55] INFO: Minimum overlap set to 3000
[2025-04-06 15:21:55] INFO: >>>STAGE: assembly
[2025-04-06 15:21:55] INFO: Assembling disjointigs
[2025-04-06 15:21:55] INFO: Reading sequences
[2025-04-06 15:22:30] INFO: Counting k-mers:
0% 10% 20% 30% 40% 50% 60% 70% 80% 90% 100% 
[2025-04-06 15:27:37] INFO: Filling index table (1/2)
0% 10% 20% 30% 40% 50% 60% 70% 80% 90% 100% 
[2025-04-06 15:35:09] INFO: Filling index table (2/2)
0% 10% 20% 30% 40% 50% 60% 70% 80% 90% 100% 
[2025-04-06 15:44:56] INFO: Extending reads
[2025-04-06 15:47:52] INFO: Overlap-based coverage: 148
[2025-04-06 15:47:52] INFO: Median overlap divergence: 0.0739544
0% 90% 100% 
[2025-04-06 16:03:59] INFO: Assembled 2 disjointigs
[2025-04-06 16:03:59] INFO: Generating sequence
0% 10% 20% 30% 40% 50% 60% 70% 80% 90% 100% 
[2025-04-06 16:04:21] INFO: Filtering contained disjointigs
0% 50% 100% 
[2025-04-06 16:04:27] INFO: Contained seqs: 0
[2025-04-06 16:04:28] INFO: >>>STAGE: consensus
[2025-04-06 16:04:28] INFO: Running Minimap2
[2025-04-06 16:28:24] INFO: Computing consensus
[2025-04-06 16:46:13] INFO: Alignment error rate: 0.094055
[2025-04-06 16:46:13] INFO: >>>STAGE: repeat
[2025-04-06 16:46:13] INFO: Building and resolving repeat graph
[2025-04-06 16:46:13] INFO: Parsing disjointigs
[2025-04-06 16:46:13] INFO: Building repeat graph
0% 50% 100% 
[2025-04-06 16:46:31] INFO: Median overlap divergence: 0.285561
[2025-04-06 16:46:32] INFO: Parsing reads
[2025-04-06 16:47:03] INFO: Aligning reads to the graph
0% 10% 20% 30% 40% 50% 60% 70% 80% 90% 100% 
[2025-04-06 16:56:39] INFO: Aligned read sequence: 1450238060 / 1492839511 (0.971463)
[2025-04-06 16:56:40] INFO: Median overlap divergence: 0.0248835
[2025-04-06 16:56:40] INFO: Mean edge coverage: 166
[2025-04-06 16:56:40] INFO: Simplifying the graph
[2025-04-06 16:56:42] INFO: >>>STAGE: contigger
[2025-04-06 16:56:42] INFO: Generating contigs
[2025-04-06 16:56:42] INFO: Reading sequences
[2025-04-06 16:57:14] INFO: Generated 4 contigs
[2025-04-06 16:57:14] INFO: Added 0 scaffold connections
[2025-04-06 16:57:15] INFO: >>>STAGE: polishing
[2025-04-06 16:57:15] INFO: Polishing genome (1/1)
[2025-04-06 16:57:15] INFO: Running minimap2
[2025-04-06 17:15:30] INFO: Separating alignment into bubbles
[2025-04-06 17:37:21] INFO: Alignment error rate: 0.054676
[2025-04-06 17:37:21] INFO: Correcting bubbles
0% 10% 20% 30% 40% 50% 60% 70% 80% 90% 100% 
[2025-04-06 17:44:09] INFO: >>>STAGE: finalize
[2025-04-06 17:44:10] INFO: Assembly statistics:

	Total length:	8766746
	Fragments:	4
	Fragments N50:	6991809
	Largest frg:	6991809
	Scaffolds:	0
	Mean coverage:	180

[2025-04-06 17:44:10] INFO: Final assembly: /home/saidas/GA_results/Flye_assembly_HP126/assembly.fasta
